-------------------------------------------------------------------------------
Test set: tek.sdet.framework.runner​​​​​​​.TestRunner
-------------------------------------------------------------------------------
Tests run: 1, Failures: 0, Errors: 1, Skipped: 0, Time elapsed: 9.19 s <<< FAILURE! - in tek.sdet.framework.runner​​​​​​​.TestRunner
Retail SignIn feature.Verify user can sign in into Retail Application  Time elapsed: 8.288 s  <<< ERROR!
java.lang.StackOverflowError
	at tek.sdet.framework.pages.POMFactory.homePage(POMFactory.java:15)
	at tek.sdet.framework.pages.POMFactory.homePage(POMFactory.java:15)
	at tek.sdet.framework.pages.POMFactory.homePage(POMFactory.java:15)
	at tek.sdet.framework.pages.POMFactory.homePage(POMFactory.java:15)
	at tek.sdet.framework.pages.POMFactory.homePage(POMFactory.java:15)
	at tek.sdet.framework.pages.POMFactory.homePage(POMFactory.java:15)
	at tek.sdet.framework.pages.POMFactory.homePage(POMFactory.java:15)
	at tek.sdet.framework.pages.POMFactory.homePage(POMFactory.java:15)
	at tek.sdet.framework.pages.POMFactory.homePage(POMFactory.java:15)
	at tek.sdet.framework.pages.POMFactory.homePage(POMFactory.java:15)
	at tek.sdet.framework.pages.POMFactory.homePage(POMFactory.java:15)
	at tek.sdet.framework.pages.POMFactory.homePage(POMFactory.java:15)
	at tek.sdet.framework.pages.POMFactory.homePage(POMFactory.java:15)
	at tek.sdet.framework.pages.POMFactory.homePage(POMFactory.java:15)
	at tek.sdet.framework.pages.POMFactory.homePage(POMFactory.java:15)
	at tek.sdet.framework.pages.POMFactory.homePage(POMFactory.java:15)
	at tek.sdet.framework.pages.POMFactory.homePage(POMFactory.java:15)
	at tek.sdet.framework.pages.POMFactory.homePage(POMFactory.java:15)
	at tek.sdet.framework.pages.POMFactory.homePage(POMFactory.java:15)
	at tek.sdet.framework.pages.POMFactory.homePage(POMFactory.java:15)
	at tek.sdet.framework.pages.POMFactory.homePage(POMFactory.java:15)
	at tek.sdet.framework.pages.POMFactory.homePage(POMFactory.java:15)
	at tek.sdet.framework.pages.POMFactory.homePage(POMFactory.java:15)
	at tek.sdet.framework.pages.POMFactory.homePage(POMFactory.java:15)
	at tek.sdet.framework.pages.POMFactory.homePage(POMFactory.java:15)
	at tek.sdet.framework.pages.POMFactory.homePage(POMFactory.java:15)
	at tek.sdet.framework.pages.POMFactory.homePage(POMFactory.java:15)
	at tek.sdet.framework.pages.POMFactory.homePage(POMFactory.java:15)
	at tek.sdet.framework.pages.POMFactory.homePage(POMFactory.java:15)
	at tek.sdet.framework.pages.POMFactory.homePage(POMFactory.java:15)
	at tek.sdet.framework.pages.POMFactory.homePage(POMFactory.java:15)
	at tek.sdet.framework.pages.POMFactory.homePage(POMFactory.java:15)
	at tek.sdet.framework.pages.POMFactory.homePage(POMFactory.java:15)
	at tek.sdet.framework.pages.POMFactory.homePage(POMFactory.java:15)
	at tek.sdet.framework.pages.POMFactory.homePage(POMFactory.java:15)
	at tek.sdet.framework.pages.POMFactory.homePage(POMFactory.java:15)
	at tek.sdet.framework.pages.POMFactory.homePage(POMFactory.java:15)
	at tek.sdet.framework.pages.POMFactory.homePage(POMFactory.java:15)
	at tek.sdet.framework.pages.POMFactory.homePage(POMFactory.java:15)
	at tek.sdet.framework.pages.POMFactory.homePage(POMFactory.java:15)
	at tek.sdet.framework.pages.POMFactory.homePage(POMFactory.java:15)
	at tek.sdet.framework.pages.POMFactory.homePage(POMFactory.java:15)
	at tek.sdet.framework.pages.POMFactory.homePage(POMFactory.java:15)
	at tek.sdet.framework.pages.POMFactory.homePage(POMFactory.java:15)
	at tek.sdet.framework.pages.POMFactory.homePage(POMFactory.java:15)
	at tek.sdet.framework.pages.POMFactory.homePage(POMFactory.java:15)
	at tek.sdet.framework.pages.POMFactory.homePage(POMFactory.java:15)
	at tek.sdet.framework.pages.POMFactory.homePage(POMFactory.java:15)
	at tek.sdet.framework.pages.POMFactory.homePage(POMFactory.java:15)
	at tek.sdet.framework.pages.POMFactory.homePage(POMFactory.java:15)
	at tek.sdet.framework.pages.POMFactory.homePage(POMFactory.java:15)
	at tek.sdet.framework.pages.POMFactory.homePage(POMFactory.java:15)
	at tek.sdet.framework.pages.POMFactory.homePage(POMFactory.java:15)
	at tek.sdet.framework.pages.POMFactory.homePage(POMFactory.java:15)
	at tek.sdet.framework.pages.POMFactory.homePage(POMFactory.java:15)
	at tek.sdet.framework.pages.POMFactory.homePage(POMFactory.java:15)
	at tek.sdet.framework.pages.POMFactory.homePage(POMFactory.java:15)
	at tek.sdet.framework.pages.POMFactory.homePage(POMFactory.java:15)
	at tek.sdet.framework.pages.POMFactory.homePage(POMFactory.java:15)
	at tek.sdet.framework.pages.POMFactory.homePage(POMFactory.java:15)
	at tek.sdet.framework.pages.POMFactory.homePage(POMFactory.java:15)
	at tek.sdet.framework.pages.POMFactory.homePage(POMFactory.java:15)
	at tek.sdet.framework.pages.POMFactory.homePage(POMFactory.java:15)
	at tek.sdet.framework.pages.POMFactory.homePage(POMFactory.java:15)
	at tek.sdet.framework.pages.POMFactory.homePage(POMFactory.java:15)
	at tek.sdet.framework.pages.POMFactory.homePage(POMFactory.java:15)
	at tek.sdet.framework.pages.POMFactory.homePage(POMFactory.java:15)
	at tek.sdet.framework.pages.POMFactory.homePage(POMFactory.java:15)
	at tek.sdet.framework.pages.POMFactory.homePage(POMFactory.java:15)
	at tek.sdet.framework.pages.POMFactory.homePage(POMFactory.java:15)
	at tek.sdet.framework.pages.POMFactory.homePage(POMFactory.java:15)
	at tek.sdet.framework.pages.POMFactory.homePage(POMFactory.java:15)
	at tek.sdet.framework.pages.POMFactory.homePage(POMFactory.java:15)
	at tek.sdet.framework.pages.POMFactory.homePage(POMFactory.java:15)
	at tek.sdet.framework.pages.POMFactory.homePage(POMFactory.java:15)
	at tek.sdet.framework.pages.POMFactory.homePage(POMFactory.java:15)
	at tek.sdet.framework.pages.POMFactory.homePage(POMFactory.java:15)
	at tek.sdet.framework.pages.POMFactory.homePage(POMFactory.java:15)
	at tek.sdet.framework.pages.POMFactory.homePage(POMFactory.java:15)
	at tek.sdet.framework.pages.POMFactory.homePage(POMFactory.java:15)
	at tek.sdet.framework.pages.POMFactory.homePage(POMFactory.java:15)
	at tek.sdet.framework.pages.POMFactory.homePage(POMFactory.java:15)
	at tek.sdet.framework.pages.POMFactory.homePage(POMFactory.java:15)
	at tek.sdet.framework.pages.POMFactory.homePage(POMFactory.java:15)
	at tek.sdet.framework.pages.POMFactory.homePage(POMFactory.java:15)
	at tek.sdet.framework.pages.POMFactory.homePage(POMFactory.java:15)
	at tek.sdet.framework.pages.POMFactory.homePage(POMFactory.java:15)
	at tek.sdet.framework.pages.POMFactory.homePage(POMFactory.java:15)
	at tek.sdet.framework.pages.POMFactory.homePage(POMFactory.java:15)
	at tek.sdet.framework.pages.POMFactory.homePage(POMFactory.java:15)
	at tek.sdet.framework.pages.POMFactory.homePage(POMFactory.java:15)
	at tek.sdet.framework.pages.POMFactory.homePage(POMFactory.java:15)
	at tek.sdet.framework.pages.POMFactory.homePage(POMFactory.java:15)
	at tek.sdet.framework.pages.POMFactory.homePage(POMFactory.java:15)
	at tek.sdet.framework.pages.POMFactory.homePage(POMFactory.java:15)
	at tek.sdet.framework.pages.POMFactory.homePage(POMFactory.java:15)
	at tek.sdet.framework.pages.POMFactory.homePage(POMFactory.java:15)
	at tek.sdet.framework.pages.POMFactory.homePage(POMFactory.java:15)
	at tek.sdet.framework.pages.POMFactory.homePage(POMFactory.java:15)
	at tek.sdet.framework.pages.POMFactory.homePage(POMFactory.java:15)
	at tek.sdet.framework.pages.POMFactory.homePage(POMFactory.java:15)
	at tek.sdet.framework.pages.POMFactory.homePage(POMFactory.java:15)
	at tek.sdet.framework.pages.POMFactory.homePage(POMFactory.java:15)
	at tek.sdet.framework.pages.POMFactory.homePage(POMFactory.java:15)
	at tek.sdet.framework.pages.POMFactory.homePage(POMFactory.java:15)
	at tek.sdet.framework.pages.POMFactory.homePage(POMFactory.java:15)
	at tek.sdet.framework.pages.POMFactory.homePage(POMFactory.java:15)
	at tek.sdet.framework.pages.POMFactory.homePage(POMFactory.java:15)
	at tek.sdet.framework.pages.POMFactory.homePage(POMFactory.java:15)
	at tek.sdet.framework.pages.POMFactory.homePage(POMFactory.java:15)
	at tek.sdet.framework.pages.POMFactory.homePage(POMFactory.java:15)
	at tek.sdet.framework.pages.POMFactory.homePage(POMFactory.java:15)
	at tek.sdet.framework.pages.POMFactory.homePage(POMFactory.java:15)
	at tek.sdet.framework.pages.POMFactory.homePage(POMFactory.java:15)
	at tek.sdet.framework.pages.POMFactory.homePage(POMFactory.java:15)
	at tek.sdet.framework.pages.POMFactory.homePage(POMFactory.java:15)
	at tek.sdet.framework.pages.POMFactory.homePage(POMFactory.java:15)
	at tek.sdet.framework.pages.POMFactory.homePage(POMFactory.java:15)
	at tek.sdet.framework.pages.POMFactory.homePage(POMFactory.java:15)
	at tek.sdet.framework.pages.POMFactory.homePage(POMFactory.java:15)
	at tek.sdet.framework.pages.POMFactory.homePage(POMFactory.java:15)
	at tek.sdet.framework.pages.POMFactory.homePage(POMFactory.java:15)
	at tek.sdet.framework.pages.POMFactory.homePage(POMFactory.java:15)
	at tek.sdet.framework.pages.POMFactory.homePage(POMFactory.java:15)
	at tek.sdet.framework.pages.POMFactory.homePage(POMFactory.java:15)
	at tek.sdet.framework.pages.POMFactory.homePage(POMFactory.java:15)
	at tek.sdet.framework.pages.POMFactory.homePage(POMFactory.java:15)
	at tek.sdet.framework.pages.POMFactory.homePage(POMFactory.java:15)
	at tek.sdet.framework.pages.POMFactory.homePage(POMFactory.java:15)
	at tek.sdet.framework.pages.POMFactory.homePage(POMFactory.java:15)
	at tek.sdet.framework.pages.POMFactory.homePage(POMFactory.java:15)
	at tek.sdet.framework.pages.POMFactory.homePage(POMFactory.java:15)
	at tek.sdet.framework.pages.POMFactory.homePage(POMFactory.java:15)
	at tek.sdet.framework.pages.POMFactory.homePage(POMFactory.java:15)
	at tek.sdet.framework.pages.POMFactory.homePage(POMFactory.java:15)
	at tek.sdet.framework.pages.POMFactory.homePage(POMFactory.java:15)
	at tek.sdet.framework.pages.POMFactory.homePage(POMFactory.java:15)
	at tek.sdet.framework.pages.POMFactory.homePage(POMFactory.java:15)
	at tek.sdet.framework.pages.POMFactory.homePage(POMFactory.java:15)
	at tek.sdet.framework.pages.POMFactory.homePage(POMFactory.java:15)
	at tek.sdet.framework.pages.POMFactory.homePage(POMFactory.java:15)
	at tek.sdet.framework.pages.POMFactory.homePage(POMFactory.java:15)
	at tek.sdet.framework.pages.POMFactory.homePage(POMFactory.java:15)
	at tek.sdet.framework.pages.POMFactory.homePage(POMFactory.java:15)
	at tek.sdet.framework.pages.POMFactory.homePage(POMFactory.java:15)
	at tek.sdet.framework.pages.POMFactory.homePage(POMFactory.java:15)
	at tek.sdet.framework.pages.POMFactory.homePage(POMFactory.java:15)
	at tek.sdet.framework.pages.POMFactory.homePage(POMFactory.java:15)
	at tek.sdet.framework.pages.POMFactory.homePage(POMFactory.java:15)
	at tek.sdet.framework.pages.POMFactory.homePage(POMFactory.java:15)
	at tek.sdet.framework.pages.POMFactory.homePage(POMFactory.java:15)
	at tek.sdet.framework.pages.POMFactory.homePage(POMFactory.java:15)
	at tek.sdet.framework.pages.POMFactory.homePage(POMFactory.java:15)
	at tek.sdet.framework.pages.POMFactory.homePage(POMFactory.java:15)
	at tek.sdet.framework.pages.POMFactory.homePage(POMFactory.java:15)
	at tek.sdet.framework.pages.POMFactory.homePage(POMFactory.java:15)
	at tek.sdet.framework.pages.POMFactory.homePage(POMFactory.java:15)
	at tek.sdet.framework.pages.POMFactory.homePage(POMFactory.java:15)
	at tek.sdet.framework.pages.POMFactory.homePage(POMFactory.java:15)
	at tek.sdet.framework.pages.POMFactory.homePage(POMFactory.java:15)
	at tek.sdet.framework.pages.POMFactory.homePage(POMFactory.java:15)
	at tek.sdet.framework.pages.POMFactory.homePage(POMFactory.java:15)
	at tek.sdet.framework.pages.POMFactory.homePage(POMFactory.java:15)
	at tek.sdet.framework.pages.POMFactory.homePage(POMFactory.java:15)
	at tek.sdet.framework.pages.POMFactory.homePage(POMFactory.java:15)
	at tek.sdet.framework.pages.POMFactory.homePage(POMFactory.java:15)
	at tek.sdet.framework.pages.POMFactory.homePage(POMFactory.java:15)
	at tek.sdet.framework.pages.POMFactory.homePage(POMFactory.java:15)
	at tek.sdet.framework.pages.POMFactory.homePage(POMFactory.java:15)
	at tek.sdet.framework.pages.POMFactory.homePage(POMFactory.java:15)
	at tek.sdet.framework.pages.POMFactory.homePage(POMFactory.java:15)
	at tek.sdet.framework.pages.POMFactory.homePage(POMFactory.java:15)
	at tek.sdet.framework.pages.POMFactory.homePage(POMFactory.java:15)
	at tek.sdet.framework.pages.POMFactory.homePage(POMFactory.java:15)
	at tek.sdet.framework.pages.POMFactory.homePage(POMFactory.java:15)
	at tek.sdet.framework.pages.POMFactory.homePage(POMFactory.java:15)
	at tek.sdet.framework.pages.POMFactory.homePage(POMFactory.java:15)
	at tek.sdet.framework.pages.POMFactory.homePage(POMFactory.java:15)
	at tek.sdet.framework.pages.POMFactory.homePage(POMFactory.java:15)
	at tek.sdet.framework.pages.POMFactory.homePage(POMFactory.java:15)
	at tek.sdet.framework.pages.POMFactory.homePage(POMFactory.java:15)
	at tek.sdet.framework.pages.POMFactory.homePage(POMFactory.java:15)
	at tek.sdet.framework.pages.POMFactory.homePage(POMFactory.java:15)
	at tek.sdet.framework.pages.POMFactory.homePage(POMFactory.java:15)
	at tek.sdet.framework.pages.POMFactory.homePage(POMFactory.java:15)
	at tek.sdet.framework.pages.POMFactory.homePage(POMFactory.java:15)
	at tek.sdet.framework.pages.POMFactory.homePage(POMFactory.java:15)
	at tek.sdet.framework.pages.POMFactory.homePage(POMFactory.java:15)
	at tek.sdet.framework.pages.POMFactory.homePage(POMFactory.java:15)
	at tek.sdet.framework.pages.POMFactory.homePage(POMFactory.java:15)
	at tek.sdet.framework.pages.POMFactory.homePage(POMFactory.java:15)
	at tek.sdet.framework.pages.POMFactory.homePage(POMFactory.java:15)
	at tek.sdet.framework.pages.POMFactory.homePage(POMFactory.java:15)
	at tek.sdet.framework.pages.POMFactory.homePage(POMFactory.java:15)
	at tek.sdet.framework.pages.POMFactory.homePage(POMFactory.java:15)
	at tek.sdet.framework.pages.POMFactory.homePage(POMFactory.java:15)
	at tek.sdet.framework.pages.POMFactory.homePage(POMFactory.java:15)
	at tek.sdet.framework.pages.POMFactory.homePage(POMFactory.java:15)
	at tek.sdet.framework.pages.POMFactory.homePage(POMFactory.java:15)
	at tek.sdet.framework.pages.POMFactory.homePage(POMFactory.java:15)
	at tek.sdet.framework.pages.POMFactory.homePage(POMFactory.java:15)
	at tek.sdet.framework.pages.POMFactory.homePage(POMFactory.java:15)
	at tek.sdet.framework.pages.POMFactory.homePage(POMFactory.java:15)
	at tek.sdet.framework.pages.POMFactory.homePage(POMFactory.java:15)
	at tek.sdet.framework.pages.POMFactory.homePage(POMFactory.java:15)
	at tek.sdet.framework.pages.POMFactory.homePage(POMFactory.java:15)
	at tek.sdet.framework.pages.POMFactory.homePage(POMFactory.java:15)
	at tek.sdet.framework.pages.POMFactory.homePage(POMFactory.java:15)
	at tek.sdet.framework.pages.POMFactory.homePage(POMFactory.java:15)
	at tek.sdet.framework.pages.POMFactory.homePage(POMFactory.java:15)
	at tek.sdet.framework.pages.POMFactory.homePage(POMFactory.java:15)
	at tek.sdet.framework.pages.POMFactory.homePage(POMFactory.java:15)
	at tek.sdet.framework.pages.POMFactory.homePage(POMFactory.java:15)
	at tek.sdet.framework.pages.POMFactory.homePage(POMFactory.java:15)
	at tek.sdet.framework.pages.POMFactory.homePage(POMFactory.java:15)
	at tek.sdet.framework.pages.POMFactory.homePage(POMFactory.java:15)
	at tek.sdet.framework.pages.POMFactory.homePage(POMFactory.java:15)
	at tek.sdet.framework.pages.POMFactory.homePage(POMFactory.java:15)
	at tek.sdet.framework.pages.POMFactory.homePage(POMFactory.java:15)
	at tek.sdet.framework.pages.POMFactory.homePage(POMFactory.java:15)
	at tek.sdet.framework.pages.POMFactory.homePage(POMFactory.java:15)
	at tek.sdet.framework.pages.POMFactory.homePage(POMFactory.java:15)
	at tek.sdet.framework.pages.POMFactory.homePage(POMFactory.java:15)
	at tek.sdet.framework.pages.POMFactory.homePage(POMFactory.java:15)
	at tek.sdet.framework.pages.POMFactory.homePage(POMFactory.java:15)
	at tek.sdet.framework.pages.POMFactory.homePage(POMFactory.java:15)
	at tek.sdet.framework.pages.POMFactory.homePage(POMFactory.java:15)
	at tek.sdet.framework.pages.POMFactory.homePage(POMFactory.java:15)
	at tek.sdet.framework.pages.POMFactory.homePage(POMFactory.java:15)
	at tek.sdet.framework.pages.POMFactory.homePage(POMFactory.java:15)
	at tek.sdet.framework.pages.POMFactory.homePage(POMFactory.java:15)
	at tek.sdet.framework.pages.POMFactory.homePage(POMFactory.java:15)
	at tek.sdet.framework.pages.POMFactory.homePage(POMFactory.java:15)
	at tek.sdet.framework.pages.POMFactory.homePage(POMFactory.java:15)
	at tek.sdet.framework.pages.POMFactory.homePage(POMFactory.java:15)
	at tek.sdet.framework.pages.POMFactory.homePage(POMFactory.java:15)
	at tek.sdet.framework.pages.POMFactory.homePage(POMFactory.java:15)
	at tek.sdet.framework.pages.POMFactory.homePage(POMFactory.java:15)
	at tek.sdet.framework.pages.POMFactory.homePage(POMFactory.java:15)
	at tek.sdet.framework.pages.POMFactory.homePage(POMFactory.java:15)
	at tek.sdet.framework.pages.POMFactory.homePage(POMFactory.java:15)
	at tek.sdet.framework.pages.POMFactory.homePage(POMFactory.java:15)
	at tek.sdet.framework.pages.POMFactory.homePage(POMFactory.java:15)
	at tek.sdet.framework.pages.POMFactory.homePage(POMFactory.java:15)
	at tek.sdet.framework.pages.POMFactory.homePage(POMFactory.java:15)
	at tek.sdet.framework.pages.POMFactory.homePage(POMFactory.java:15)
	at tek.sdet.framework.pages.POMFactory.homePage(POMFactory.java:15)
	at tek.sdet.framework.pages.POMFactory.homePage(POMFactory.java:15)
	at tek.sdet.framework.pages.POMFactory.homePage(POMFactory.java:15)
	at tek.sdet.framework.pages.POMFactory.homePage(POMFactory.java:15)
	at tek.sdet.framework.pages.POMFactory.homePage(POMFactory.java:15)
	at tek.sdet.framework.pages.POMFactory.homePage(POMFactory.java:15)
	at tek.sdet.framework.pages.POMFactory.homePage(POMFactory.java:15)
	at tek.sdet.framework.pages.POMFactory.homePage(POMFactory.java:15)
	at tek.sdet.framework.pages.POMFactory.homePage(POMFactory.java:15)
	at tek.sdet.framework.pages.POMFactory.homePage(POMFactory.java:15)
	at tek.sdet.framework.pages.POMFactory.homePage(POMFactory.java:15)
	at tek.sdet.framework.pages.POMFactory.homePage(POMFactory.java:15)
	at tek.sdet.framework.pages.POMFactory.homePage(POMFactory.java:15)
	at tek.sdet.framework.pages.POMFactory.homePage(POMFactory.java:15)
	at tek.sdet.framework.pages.POMFactory.homePage(POMFactory.java:15)
	at tek.sdet.framework.pages.POMFactory.homePage(POMFactory.java:15)
	at tek.sdet.framework.pages.POMFactory.homePage(POMFactory.java:15)
	at tek.sdet.framework.pages.POMFactory.homePage(POMFactory.java:15)
	at tek.sdet.framework.pages.POMFactory.homePage(POMFactory.java:15)
	at tek.sdet.framework.pages.POMFactory.homePage(POMFactory.java:15)
	at tek.sdet.framework.pages.POMFactory.homePage(POMFactory.java:15)
	at tek.sdet.framework.pages.POMFactory.homePage(POMFactory.java:15)
	at tek.sdet.framework.pages.POMFactory.homePage(POMFactory.java:15)
	at tek.sdet.framework.pages.POMFactory.homePage(POMFactory.java:15)
	at tek.sdet.framework.pages.POMFactory.homePage(POMFactory.java:15)
	at tek.sdet.framework.pages.POMFactory.homePage(POMFactory.java:15)
	at tek.sdet.framework.pages.POMFactory.homePage(POMFactory.java:15)
	at tek.sdet.framework.pages.POMFactory.homePage(POMFactory.java:15)
	at tek.sdet.framework.pages.POMFactory.homePage(POMFactory.java:15)
	at tek.sdet.framework.pages.POMFactory.homePage(POMFactory.java:15)
	at tek.sdet.framework.pages.POMFactory.homePage(POMFactory.java:15)
	at tek.sdet.framework.pages.POMFactory.homePage(POMFactory.java:15)
	at tek.sdet.framework.pages.POMFactory.homePage(POMFactory.java:15)
	at tek.sdet.framework.pages.POMFactory.homePage(POMFactory.java:15)
	at tek.sdet.framework.pages.POMFactory.homePage(POMFactory.java:15)
	at tek.sdet.framework.pages.POMFactory.homePage(POMFactory.java:15)
	at tek.sdet.framework.pages.POMFactory.homePage(POMFactory.java:15)
	at tek.sdet.framework.pages.POMFactory.homePage(POMFactory.java:15)
	at tek.sdet.framework.pages.POMFactory.homePage(POMFactory.java:15)
	at tek.sdet.framework.pages.POMFactory.homePage(POMFactory.java:15)
	at tek.sdet.framework.pages.POMFactory.homePage(POMFactory.java:15)
	at tek.sdet.framework.pages.POMFactory.homePage(POMFactory.java:15)
	at tek.sdet.framework.pages.POMFactory.homePage(POMFactory.java:15)
	at tek.sdet.framework.pages.POMFactory.homePage(POMFactory.java:15)
	at tek.sdet.framework.pages.POMFactory.homePage(POMFactory.java:15)
	at tek.sdet.framework.pages.POMFactory.homePage(POMFactory.java:15)
	at tek.sdet.framework.pages.POMFactory.homePage(POMFactory.java:15)
	at tek.sdet.framework.pages.POMFactory.homePage(POMFactory.java:15)
	at tek.sdet.framework.pages.POMFactory.homePage(POMFactory.java:15)
	at tek.sdet.framework.pages.POMFactory.homePage(POMFactory.java:15)
	at tek.sdet.framework.pages.POMFactory.homePage(POMFactory.java:15)
	at tek.sdet.framework.pages.POMFactory.homePage(POMFactory.java:15)
	at tek.sdet.framework.pages.POMFactory.homePage(POMFactory.java:15)
	at tek.sdet.framework.pages.POMFactory.homePage(POMFactory.java:15)
	at tek.sdet.framework.pages.POMFactory.homePage(POMFactory.java:15)
	at tek.sdet.framework.pages.POMFactory.homePage(POMFactory.java:15)
	at tek.sdet.framework.pages.POMFactory.homePage(POMFactory.java:15)
	at tek.sdet.framework.pages.POMFactory.homePage(POMFactory.java:15)
	at tek.sdet.framework.pages.POMFactory.homePage(POMFactory.java:15)
	at tek.sdet.framework.pages.POMFactory.homePage(POMFactory.java:15)
	at tek.sdet.framework.pages.POMFactory.homePage(POMFactory.java:15)
	at tek.sdet.framework.pages.POMFactory.homePage(POMFactory.java:15)
	at tek.sdet.framework.pages.POMFactory.homePage(POMFactory.java:15)
	at tek.sdet.framework.pages.POMFactory.homePage(POMFactory.java:15)
	at tek.sdet.framework.pages.POMFactory.homePage(POMFactory.java:15)
	at tek.sdet.framework.pages.POMFactory.homePage(POMFactory.java:15)
	at tek.sdet.framework.pages.POMFactory.homePage(POMFactory.java:15)
	at tek.sdet.framework.pages.POMFactory.homePage(POMFactory.java:15)
	at tek.sdet.framework.pages.POMFactory.homePage(POMFactory.java:15)
	at tek.sdet.framework.pages.POMFactory.homePage(POMFactory.java:15)
	at tek.sdet.framework.pages.POMFactory.homePage(POMFactory.java:15)
	at tek.sdet.framework.pages.POMFactory.homePage(POMFactory.java:15)
	at tek.sdet.framework.pages.POMFactory.homePage(POMFactory.java:15)
	at tek.sdet.framework.pages.POMFactory.homePage(POMFactory.java:15)
	at tek.sdet.framework.pages.POMFactory.homePage(POMFactory.java:15)
	at tek.sdet.framework.pages.POMFactory.homePage(POMFactory.java:15)
	at tek.sdet.framework.pages.POMFactory.homePage(POMFactory.java:15)
	at tek.sdet.framework.pages.POMFactory.homePage(POMFactory.java:15)
	at tek.sdet.framework.pages.POMFactory.homePage(POMFactory.java:15)
	at tek.sdet.framework.pages.POMFactory.homePage(POMFactory.java:15)
	at tek.sdet.framework.pages.POMFactory.homePage(POMFactory.java:15)
	at tek.sdet.framework.pages.POMFactory.homePage(POMFactory.java:15)
	at tek.sdet.framework.pages.POMFactory.homePage(POMFactory.java:15)
	at tek.sdet.framework.pages.POMFactory.homePage(POMFactory.java:15)
	at tek.sdet.framework.pages.POMFactory.homePage(POMFactory.java:15)
	at tek.sdet.framework.pages.POMFactory.homePage(POMFactory.java:15)
	at tek.sdet.framework.pages.POMFactory.homePage(POMFactory.java:15)
	at tek.sdet.framework.pages.POMFactory.homePage(POMFactory.java:15)
	at tek.sdet.framework.pages.POMFactory.homePage(POMFactory.java:15)
	at tek.sdet.framework.pages.POMFactory.homePage(POMFactory.java:15)
	at tek.sdet.framework.pages.POMFactory.homePage(POMFactory.java:15)
	at tek.sdet.framework.pages.POMFactory.homePage(POMFactory.java:15)
	at tek.sdet.framework.pages.POMFactory.homePage(POMFactory.java:15)
	at tek.sdet.framework.pages.POMFactory.homePage(POMFactory.java:15)
	at tek.sdet.framework.pages.POMFactory.homePage(POMFactory.java:15)
	at tek.sdet.framework.pages.POMFactory.homePage(POMFactory.java:15)
	at tek.sdet.framework.pages.POMFactory.homePage(POMFactory.java:15)
	at tek.sdet.framework.pages.POMFactory.homePage(POMFactory.java:15)
	at tek.sdet.framework.pages.POMFactory.homePage(POMFactory.java:15)
	at tek.sdet.framework.pages.POMFactory.homePage(POMFactory.java:15)
	at tek.sdet.framework.pages.POMFactory.homePage(POMFactory.java:15)
	at tek.sdet.framework.pages.POMFactory.homePage(POMFactory.java:15)
	at tek.sdet.framework.pages.POMFactory.homePage(POMFactory.java:15)
	at tek.sdet.framework.pages.POMFactory.homePage(POMFactory.java:15)
	at tek.sdet.framework.pages.POMFactory.homePage(POMFactory.java:15)
	at tek.sdet.framework.pages.POMFactory.homePage(POMFactory.java:15)
	at tek.sdet.framework.pages.POMFactory.homePage(POMFactory.java:15)
	at tek.sdet.framework.pages.POMFactory.homePage(POMFactory.java:15)
	at tek.sdet.framework.pages.POMFactory.homePage(POMFactory.java:15)
	at tek.sdet.framework.pages.POMFactory.homePage(POMFactory.java:15)
	at tek.sdet.framework.pages.POMFactory.homePage(POMFactory.java:15)
	at tek.sdet.framework.pages.POMFactory.homePage(POMFactory.java:15)
	at tek.sdet.framework.pages.POMFactory.homePage(POMFactory.java:15)
	at tek.sdet.framework.pages.POMFactory.homePage(POMFactory.java:15)
	at tek.sdet.framework.pages.POMFactory.homePage(POMFactory.java:15)
	at tek.sdet.framework.pages.POMFactory.homePage(POMFactory.java:15)
	at tek.sdet.framework.pages.POMFactory.homePage(POMFactory.java:15)
	at tek.sdet.framework.pages.POMFactory.homePage(POMFactory.java:15)
	at tek.sdet.framework.pages.POMFactory.homePage(POMFactory.java:15)
	at tek.sdet.framework.pages.POMFactory.homePage(POMFactory.java:15)
	at tek.sdet.framework.pages.POMFactory.homePage(POMFactory.java:15)
	at tek.sdet.framework.pages.POMFactory.homePage(POMFactory.java:15)
	at tek.sdet.framework.pages.POMFactory.homePage(POMFactory.java:15)
	at tek.sdet.framework.pages.POMFactory.homePage(POMFactory.java:15)
	at tek.sdet.framework.pages.POMFactory.homePage(POMFactory.java:15)
	at tek.sdet.framework.pages.POMFactory.homePage(POMFactory.java:15)
	at tek.sdet.framework.pages.POMFactory.homePage(POMFactory.java:15)
	at tek.sdet.framework.pages.POMFactory.homePage(POMFactory.java:15)
	at tek.sdet.framework.pages.POMFactory.homePage(POMFactory.java:15)
	at tek.sdet.framework.pages.POMFactory.homePage(POMFactory.java:15)
	at tek.sdet.framework.pages.POMFactory.homePage(POMFactory.java:15)
	at tek.sdet.framework.pages.POMFactory.homePage(POMFactory.java:15)
	at tek.sdet.framework.pages.POMFactory.homePage(POMFactory.java:15)
	at tek.sdet.framework.pages.POMFactory.homePage(POMFactory.java:15)
	at tek.sdet.framework.pages.POMFactory.homePage(POMFactory.java:15)
	at tek.sdet.framework.pages.POMFactory.homePage(POMFactory.java:15)
	at tek.sdet.framework.pages.POMFactory.homePage(POMFactory.java:15)
	at tek.sdet.framework.pages.POMFactory.homePage(POMFactory.java:15)
	at tek.sdet.framework.pages.POMFactory.homePage(POMFactory.java:15)
	at tek.sdet.framework.pages.POMFactory.homePage(POMFactory.java:15)
	at tek.sdet.framework.pages.POMFactory.homePage(POMFactory.java:15)
	at tek.sdet.framework.pages.POMFactory.homePage(POMFactory.java:15)
	at tek.sdet.framework.pages.POMFactory.homePage(POMFactory.java:15)
	at tek.sdet.framework.pages.POMFactory.homePage(POMFactory.java:15)
	at tek.sdet.framework.pages.POMFactory.homePage(POMFactory.java:15)
	at tek.sdet.framework.pages.POMFactory.homePage(POMFactory.java:15)
	at tek.sdet.framework.pages.POMFactory.homePage(POMFactory.java:15)
	at tek.sdet.framework.pages.POMFactory.homePage(POMFactory.java:15)
	at tek.sdet.framework.pages.POMFactory.homePage(POMFactory.java:15)
	at tek.sdet.framework.pages.POMFactory.homePage(POMFactory.java:15)
	at tek.sdet.framework.pages.POMFactory.homePage(POMFactory.java:15)
	at tek.sdet.framework.pages.POMFactory.homePage(POMFactory.java:15)
	at tek.sdet.framework.pages.POMFactory.homePage(POMFactory.java:15)
	at tek.sdet.framework.pages.POMFactory.homePage(POMFactory.java:15)
	at tek.sdet.framework.pages.POMFactory.homePage(POMFactory.java:15)
	at tek.sdet.framework.pages.POMFactory.homePage(POMFactory.java:15)
	at tek.sdet.framework.pages.POMFactory.homePage(POMFactory.java:15)
	at tek.sdet.framework.pages.POMFactory.homePage(POMFactory.java:15)
	at tek.sdet.framework.pages.POMFactory.homePage(POMFactory.java:15)
	at tek.sdet.framework.pages.POMFactory.homePage(POMFactory.java:15)
	at tek.sdet.framework.pages.POMFactory.homePage(POMFactory.java:15)
	at tek.sdet.framework.pages.POMFactory.homePage(POMFactory.java:15)
	at tek.sdet.framework.pages.POMFactory.homePage(POMFactory.java:15)
	at tek.sdet.framework.pages.POMFactory.homePage(POMFactory.java:15)
	at tek.sdet.framework.pages.POMFactory.homePage(POMFactory.java:15)
	at tek.sdet.framework.pages.POMFactory.homePage(POMFactory.java:15)
	at tek.sdet.framework.pages.POMFactory.homePage(POMFactory.java:15)
	at tek.sdet.framework.pages.POMFactory.homePage(POMFactory.java:15)
	at tek.sdet.framework.pages.POMFactory.homePage(POMFactory.java:15)
	at tek.sdet.framework.pages.POMFactory.homePage(POMFactory.java:15)
	at tek.sdet.framework.pages.POMFactory.homePage(POMFactory.java:15)
	at tek.sdet.framework.pages.POMFactory.homePage(POMFactory.java:15)
	at tek.sdet.framework.pages.POMFactory.homePage(POMFactory.java:15)
	at tek.sdet.framework.pages.POMFactory.homePage(POMFactory.java:15)
	at tek.sdet.framework.pages.POMFactory.homePage(POMFactory.java:15)
	at tek.sdet.framework.pages.POMFactory.homePage(POMFactory.java:15)
	at tek.sdet.framework.pages.POMFactory.homePage(POMFactory.java:15)
	at tek.sdet.framework.pages.POMFactory.homePage(POMFactory.java:15)
	at tek.sdet.framework.pages.POMFactory.homePage(POMFactory.java:15)
	at tek.sdet.framework.pages.POMFactory.homePage(POMFactory.java:15)
	at tek.sdet.framework.pages.POMFactory.homePage(POMFactory.java:15)
	at tek.sdet.framework.pages.POMFactory.homePage(POMFactory.java:15)
	at tek.sdet.framework.pages.POMFactory.homePage(POMFactory.java:15)
	at tek.sdet.framework.pages.POMFactory.homePage(POMFactory.java:15)
	at tek.sdet.framework.pages.POMFactory.homePage(POMFactory.java:15)
	at tek.sdet.framework.pages.POMFactory.homePage(POMFactory.java:15)
	at tek.sdet.framework.pages.POMFactory.homePage(POMFactory.java:15)
	at tek.sdet.framework.pages.POMFactory.homePage(POMFactory.java:15)
	at tek.sdet.framework.pages.POMFactory.homePage(POMFactory.java:15)
	at tek.sdet.framework.pages.POMFactory.homePage(POMFactory.java:15)
	at tek.sdet.framework.pages.POMFactory.homePage(POMFactory.java:15)
	at tek.sdet.framework.pages.POMFactory.homePage(POMFactory.java:15)
	at tek.sdet.framework.pages.POMFactory.homePage(POMFactory.java:15)
	at tek.sdet.framework.pages.POMFactory.homePage(POMFactory.java:15)
	at tek.sdet.framework.pages.POMFactory.homePage(POMFactory.java:15)
	at tek.sdet.framework.pages.POMFactory.homePage(POMFactory.java:15)
	at tek.sdet.framework.pages.POMFactory.homePage(POMFactory.java:15)
	at tek.sdet.framework.pages.POMFactory.homePage(POMFactory.java:15)
	at tek.sdet.framework.pages.POMFactory.homePage(POMFactory.java:15)
	at tek.sdet.framework.pages.POMFactory.homePage(POMFactory.java:15)
	at tek.sdet.framework.pages.POMFactory.homePage(POMFactory.java:15)
	at tek.sdet.framework.pages.POMFactory.homePage(POMFactory.java:15)
	at tek.sdet.framework.pages.POMFactory.homePage(POMFactory.java:15)
	at tek.sdet.framework.pages.POMFactory.homePage(POMFactory.java:15)
	at tek.sdet.framework.pages.POMFactory.homePage(POMFactory.java:15)
	at tek.sdet.framework.pages.POMFactory.homePage(POMFactory.java:15)
	at tek.sdet.framework.pages.POMFactory.homePage(POMFactory.java:15)
	at tek.sdet.framework.pages.POMFactory.homePage(POMFactory.java:15)
	at tek.sdet.framework.pages.POMFactory.homePage(POMFactory.java:15)
	at tek.sdet.framework.pages.POMFactory.homePage(POMFactory.java:15)
	at tek.sdet.framework.pages.POMFactory.homePage(POMFactory.java:15)
	at tek.sdet.framework.pages.POMFactory.homePage(POMFactory.java:15)
	at tek.sdet.framework.pages.POMFactory.homePage(POMFactory.java:15)
	at tek.sdet.framework.pages.POMFactory.homePage(POMFactory.java:15)
	at tek.sdet.framework.pages.POMFactory.homePage(POMFactory.java:15)
	at tek.sdet.framework.pages.POMFactory.homePage(POMFactory.java:15)
	at tek.sdet.framework.pages.POMFactory.homePage(POMFactory.java:15)
	at tek.sdet.framework.pages.POMFactory.homePage(POMFactory.java:15)
	at tek.sdet.framework.pages.POMFactory.homePage(POMFactory.java:15)
	at tek.sdet.framework.pages.POMFactory.homePage(POMFactory.java:15)
	at tek.sdet.framework.pages.POMFactory.homePage(POMFactory.java:15)
	at tek.sdet.framework.pages.POMFactory.homePage(POMFactory.java:15)
	at tek.sdet.framework.pages.POMFactory.homePage(POMFactory.java:15)
	at tek.sdet.framework.pages.POMFactory.homePage(POMFactory.java:15)
	at tek.sdet.framework.pages.POMFactory.homePage(POMFactory.java:15)
	at tek.sdet.framework.pages.POMFactory.homePage(POMFactory.java:15)
	at tek.sdet.framework.pages.POMFactory.homePage(POMFactory.java:15)
	at tek.sdet.framework.pages.POMFactory.homePage(POMFactory.java:15)
	at tek.sdet.framework.pages.POMFactory.homePage(POMFactory.java:15)
	at tek.sdet.framework.pages.POMFactory.homePage(POMFactory.java:15)
	at tek.sdet.framework.pages.POMFactory.homePage(POMFactory.java:15)
	at tek.sdet.framework.pages.POMFactory.homePage(POMFactory.java:15)
	at tek.sdet.framework.pages.POMFactory.homePage(POMFactory.java:15)
	at tek.sdet.framework.pages.POMFactory.homePage(POMFactory.java:15)
	at tek.sdet.framework.pages.POMFactory.homePage(POMFactory.java:15)
	at tek.sdet.framework.pages.POMFactory.homePage(POMFactory.java:15)
	at tek.sdet.framework.pages.POMFactory.homePage(POMFactory.java:15)
	at tek.sdet.framework.pages.POMFactory.homePage(POMFactory.java:15)
	at tek.sdet.framework.pages.POMFactory.homePage(POMFactory.java:15)
	at tek.sdet.framework.pages.POMFactory.homePage(POMFactory.java:15)
	at tek.sdet.framework.pages.POMFactory.homePage(POMFactory.java:15)
	at tek.sdet.framework.pages.POMFactory.homePage(POMFactory.java:15)
	at tek.sdet.framework.pages.POMFactory.homePage(POMFactory.java:15)
	at tek.sdet.framework.pages.POMFactory.homePage(POMFactory.java:15)
	at tek.sdet.framework.pages.POMFactory.homePage(POMFactory.java:15)
	at tek.sdet.framework.pages.POMFactory.homePage(POMFactory.java:15)
	at tek.sdet.framework.pages.POMFactory.homePage(POMFactory.java:15)
	at tek.sdet.framework.pages.POMFactory.homePage(POMFactory.java:15)
	at tek.sdet.framework.pages.POMFactory.homePage(POMFactory.java:15)
	at tek.sdet.framework.pages.POMFactory.homePage(POMFactory.java:15)
	at tek.sdet.framework.pages.POMFactory.homePage(POMFactory.java:15)
	at tek.sdet.framework.pages.POMFactory.homePage(POMFactory.java:15)
	at tek.sdet.framework.pages.POMFactory.homePage(POMFactory.java:15)
	at tek.sdet.framework.pages.POMFactory.homePage(POMFactory.java:15)
	at tek.sdet.framework.pages.POMFactory.homePage(POMFactory.java:15)
	at tek.sdet.framework.pages.POMFactory.homePage(POMFactory.java:15)
	at tek.sdet.framework.pages.POMFactory.homePage(POMFactory.java:15)
	at tek.sdet.framework.pages.POMFactory.homePage(POMFactory.java:15)
	at tek.sdet.framework.pages.POMFactory.homePage(POMFactory.java:15)
	at tek.sdet.framework.pages.POMFactory.homePage(POMFactory.java:15)
	at tek.sdet.framework.pages.POMFactory.homePage(POMFactory.java:15)
	at tek.sdet.framework.pages.POMFactory.homePage(POMFactory.java:15)
	at tek.sdet.framework.pages.POMFactory.homePage(POMFactory.java:15)
	at tek.sdet.framework.pages.POMFactory.homePage(POMFactory.java:15)
	at tek.sdet.framework.pages.POMFactory.homePage(POMFactory.java:15)
	at tek.sdet.framework.pages.POMFactory.homePage(POMFactory.java:15)
	at tek.sdet.framework.pages.POMFactory.homePage(POMFactory.java:15)
	at tek.sdet.framework.pages.POMFactory.homePage(POMFactory.java:15)
	at tek.sdet.framework.pages.POMFactory.homePage(POMFactory.java:15)
	at tek.sdet.framework.pages.POMFactory.homePage(POMFactory.java:15)
	at tek.sdet.framework.pages.POMFactory.homePage(POMFactory.java:15)
	at tek.sdet.framework.pages.POMFactory.homePage(POMFactory.java:15)
	at tek.sdet.framework.pages.POMFactory.homePage(POMFactory.java:15)
	at tek.sdet.framework.pages.POMFactory.homePage(POMFactory.java:15)
	at tek.sdet.framework.pages.POMFactory.homePage(POMFactory.java:15)
	at tek.sdet.framework.pages.POMFactory.homePage(POMFactory.java:15)
	at tek.sdet.framework.pages.POMFactory.homePage(POMFactory.java:15)
	at tek.sdet.framework.pages.POMFactory.homePage(POMFactory.java:15)
	at tek.sdet.framework.pages.POMFactory.homePage(POMFactory.java:15)
	at tek.sdet.framework.pages.POMFactory.homePage(POMFactory.java:15)
	at tek.sdet.framework.pages.POMFactory.homePage(POMFactory.java:15)
	at tek.sdet.framework.pages.POMFactory.homePage(POMFactory.java:15)
	at tek.sdet.framework.pages.POMFactory.homePage(POMFactory.java:15)
	at tek.sdet.framework.pages.POMFactory.homePage(POMFactory.java:15)
	at tek.sdet.framework.pages.POMFactory.homePage(POMFactory.java:15)
	at tek.sdet.framework.pages.POMFactory.homePage(POMFactory.java:15)
	at tek.sdet.framework.pages.POMFactory.homePage(POMFactory.java:15)
	at tek.sdet.framework.pages.POMFactory.homePage(POMFactory.java:15)
	at tek.sdet.framework.pages.POMFactory.homePage(POMFactory.java:15)
	at tek.sdet.framework.pages.POMFactory.homePage(POMFactory.java:15)
	at tek.sdet.framework.pages.POMFactory.homePage(POMFactory.java:15)
	at tek.sdet.framework.pages.POMFactory.homePage(POMFactory.java:15)
	at tek.sdet.framework.pages.POMFactory.homePage(POMFactory.java:15)
	at tek.sdet.framework.pages.POMFactory.homePage(POMFactory.java:15)
	at tek.sdet.framework.pages.POMFactory.homePage(POMFactory.java:15)
	at tek.sdet.framework.pages.POMFactory.homePage(POMFactory.java:15)
	at tek.sdet.framework.pages.POMFactory.homePage(POMFactory.java:15)
	at tek.sdet.framework.pages.POMFactory.homePage(POMFactory.java:15)
	at tek.sdet.framework.pages.POMFactory.homePage(POMFactory.java:15)
	at tek.sdet.framework.pages.POMFactory.homePage(POMFactory.java:15)
	at tek.sdet.framework.pages.POMFactory.homePage(POMFactory.java:15)
	at tek.sdet.framework.pages.POMFactory.homePage(POMFactory.java:15)
	at tek.sdet.framework.pages.POMFactory.homePage(POMFactory.java:15)
	at tek.sdet.framework.pages.POMFactory.homePage(POMFactory.java:15)
	at tek.sdet.framework.pages.POMFactory.homePage(POMFactory.java:15)
	at tek.sdet.framework.pages.POMFactory.homePage(POMFactory.java:15)
	at tek.sdet.framework.pages.POMFactory.homePage(POMFactory.java:15)
	at tek.sdet.framework.pages.POMFactory.homePage(POMFactory.java:15)
	at tek.sdet.framework.pages.POMFactory.homePage(POMFactory.java:15)
	at tek.sdet.framework.pages.POMFactory.homePage(POMFactory.java:15)
	at tek.sdet.framework.pages.POMFactory.homePage(POMFactory.java:15)
	at tek.sdet.framework.pages.POMFactory.homePage(POMFactory.java:15)
	at tek.sdet.framework.pages.POMFactory.homePage(POMFactory.java:15)
	at tek.sdet.framework.pages.POMFactory.homePage(POMFactory.java:15)
	at tek.sdet.framework.pages.POMFactory.homePage(POMFactory.java:15)
	at tek.sdet.framework.pages.POMFactory.homePage(POMFactory.java:15)
	at tek.sdet.framework.pages.POMFactory.homePage(POMFactory.java:15)
	at tek.sdet.framework.pages.POMFactory.homePage(POMFactory.java:15)
	at tek.sdet.framework.pages.POMFactory.homePage(POMFactory.java:15)
	at tek.sdet.framework.pages.POMFactory.homePage(POMFactory.java:15)
	at tek.sdet.framework.pages.POMFactory.homePage(POMFactory.java:15)
	at tek.sdet.framework.pages.POMFactory.homePage(POMFactory.java:15)
	at tek.sdet.framework.pages.POMFactory.homePage(POMFactory.java:15)
	at tek.sdet.framework.pages.POMFactory.homePage(POMFactory.java:15)
	at tek.sdet.framework.pages.POMFactory.homePage(POMFactory.java:15)
	at tek.sdet.framework.pages.POMFactory.homePage(POMFactory.java:15)
	at tek.sdet.framework.pages.POMFactory.homePage(POMFactory.java:15)
	at tek.sdet.framework.pages.POMFactory.homePage(POMFactory.java:15)
	at tek.sdet.framework.pages.POMFactory.homePage(POMFactory.java:15)
	at tek.sdet.framework.pages.POMFactory.homePage(POMFactory.java:15)
	at tek.sdet.framework.pages.POMFactory.homePage(POMFactory.java:15)
	at tek.sdet.framework.pages.POMFactory.homePage(POMFactory.java:15)
	at tek.sdet.framework.pages.POMFactory.homePage(POMFactory.java:15)
	at tek.sdet.framework.pages.POMFactory.homePage(POMFactory.java:15)
	at tek.sdet.framework.pages.POMFactory.homePage(POMFactory.java:15)
	at tek.sdet.framework.pages.POMFactory.homePage(POMFactory.java:15)
	at tek.sdet.framework.pages.POMFactory.homePage(POMFactory.java:15)
	at tek.sdet.framework.pages.POMFactory.homePage(POMFactory.java:15)
	at tek.sdet.framework.pages.POMFactory.homePage(POMFactory.java:15)
	at tek.sdet.framework.pages.POMFactory.homePage(POMFactory.java:15)
	at tek.sdet.framework.pages.POMFactory.homePage(POMFactory.java:15)
	at tek.sdet.framework.pages.POMFactory.homePage(POMFactory.java:15)
	at tek.sdet.framework.pages.POMFactory.homePage(POMFactory.java:15)
	at tek.sdet.framework.pages.POMFactory.homePage(POMFactory.java:15)
	at tek.sdet.framework.pages.POMFactory.homePage(POMFactory.java:15)
	at tek.sdet.framework.pages.POMFactory.homePage(POMFactory.java:15)
	at tek.sdet.framework.pages.POMFactory.homePage(POMFactory.java:15)
	at tek.sdet.framework.pages.POMFactory.homePage(POMFactory.java:15)
	at tek.sdet.framework.pages.POMFactory.homePage(POMFactory.java:15)
	at tek.sdet.framework.pages.POMFactory.homePage(POMFactory.java:15)
	at tek.sdet.framework.pages.POMFactory.homePage(POMFactory.java:15)
	at tek.sdet.framework.pages.POMFactory.homePage(POMFactory.java:15)
	at tek.sdet.framework.pages.POMFactory.homePage(POMFactory.java:15)
	at tek.sdet.framework.pages.POMFactory.homePage(POMFactory.java:15)
	at tek.sdet.framework.pages.POMFactory.homePage(POMFactory.java:15)
	at tek.sdet.framework.pages.POMFactory.homePage(POMFactory.java:15)
	at tek.sdet.framework.pages.POMFactory.homePage(POMFactory.java:15)
	at tek.sdet.framework.pages.POMFactory.homePage(POMFactory.java:15)
	at tek.sdet.framework.pages.POMFactory.homePage(POMFactory.java:15)
	at tek.sdet.framework.pages.POMFactory.homePage(POMFactory.java:15)
	at tek.sdet.framework.pages.POMFactory.homePage(POMFactory.java:15)
	at tek.sdet.framework.pages.POMFactory.homePage(POMFactory.java:15)
	at tek.sdet.framework.pages.POMFactory.homePage(POMFactory.java:15)
	at tek.sdet.framework.pages.POMFactory.homePage(POMFactory.java:15)
	at tek.sdet.framework.pages.POMFactory.homePage(POMFactory.java:15)
	at tek.sdet.framework.pages.POMFactory.homePage(POMFactory.java:15)
	at tek.sdet.framework.pages.POMFactory.homePage(POMFactory.java:15)
	at tek.sdet.framework.pages.POMFactory.homePage(POMFactory.java:15)
	at tek.sdet.framework.pages.POMFactory.homePage(POMFactory.java:15)
	at tek.sdet.framework.pages.POMFactory.homePage(POMFactory.java:15)
	at tek.sdet.framework.pages.POMFactory.homePage(POMFactory.java:15)
	at tek.sdet.framework.pages.POMFactory.homePage(POMFactory.java:15)
	at tek.sdet.framework.pages.POMFactory.homePage(POMFactory.java:15)
	at tek.sdet.framework.pages.POMFactory.homePage(POMFactory.java:15)
	at tek.sdet.framework.pages.POMFactory.homePage(POMFactory.java:15)
	at tek.sdet.framework.pages.POMFactory.homePage(POMFactory.java:15)
	at tek.sdet.framework.pages.POMFactory.homePage(POMFactory.java:15)
	at tek.sdet.framework.pages.POMFactory.homePage(POMFactory.java:15)
	at tek.sdet.framework.pages.POMFactory.homePage(POMFactory.java:15)
	at tek.sdet.framework.pages.POMFactory.homePage(POMFactory.java:15)
	at tek.sdet.framework.pages.POMFactory.homePage(POMFactory.java:15)
	at tek.sdet.framework.pages.POMFactory.homePage(POMFactory.java:15)
	at tek.sdet.framework.pages.POMFactory.homePage(POMFactory.java:15)
	at tek.sdet.framework.pages.POMFactory.homePage(POMFactory.java:15)
	at tek.sdet.framework.pages.POMFactory.homePage(POMFactory.java:15)
	at tek.sdet.framework.pages.POMFactory.homePage(POMFactory.java:15)
	at tek.sdet.framework.pages.POMFactory.homePage(POMFactory.java:15)
	at tek.sdet.framework.pages.POMFactory.homePage(POMFactory.java:15)
	at tek.sdet.framework.pages.POMFactory.homePage(POMFactory.java:15)
	at tek.sdet.framework.pages.POMFactory.homePage(POMFactory.java:15)
	at tek.sdet.framework.pages.POMFactory.homePage(POMFactory.java:15)
	at tek.sdet.framework.pages.POMFactory.homePage(POMFactory.java:15)
	at tek.sdet.framework.pages.POMFactory.homePage(POMFactory.java:15)
	at tek.sdet.framework.pages.POMFactory.homePage(POMFactory.java:15)
	at tek.sdet.framework.pages.POMFactory.homePage(POMFactory.java:15)
	at tek.sdet.framework.pages.POMFactory.homePage(POMFactory.java:15)
	at tek.sdet.framework.pages.POMFactory.homePage(POMFactory.java:15)
	at tek.sdet.framework.pages.POMFactory.homePage(POMFactory.java:15)
	at tek.sdet.framework.pages.POMFactory.homePage(POMFactory.java:15)
	at tek.sdet.framework.pages.POMFactory.homePage(POMFactory.java:15)
	at tek.sdet.framework.pages.POMFactory.homePage(POMFactory.java:15)
	at tek.sdet.framework.pages.POMFactory.homePage(POMFactory.java:15)
	at tek.sdet.framework.pages.POMFactory.homePage(POMFactory.java:15)
	at tek.sdet.framework.pages.POMFactory.homePage(POMFactory.java:15)
	at tek.sdet.framework.pages.POMFactory.homePage(POMFactory.java:15)
	at tek.sdet.framework.pages.POMFactory.homePage(POMFactory.java:15)
	at tek.sdet.framework.pages.POMFactory.homePage(POMFactory.java:15)
	at tek.sdet.framework.pages.POMFactory.homePage(POMFactory.java:15)
	at tek.sdet.framework.pages.POMFactory.homePage(POMFactory.java:15)
	at tek.sdet.framework.pages.POMFactory.homePage(POMFactory.java:15)
	at tek.sdet.framework.pages.POMFactory.homePage(POMFactory.java:15)
	at tek.sdet.framework.pages.POMFactory.homePage(POMFactory.java:15)
	at tek.sdet.framework.pages.POMFactory.homePage(POMFactory.java:15)
	at tek.sdet.framework.pages.POMFactory.homePage(POMFactory.java:15)
	at tek.sdet.framework.pages.POMFactory.homePage(POMFactory.java:15)
	at tek.sdet.framework.pages.POMFactory.homePage(POMFactory.java:15)
	at tek.sdet.framework.pages.POMFactory.homePage(POMFactory.java:15)
	at tek.sdet.framework.pages.POMFactory.homePage(POMFactory.java:15)
	at tek.sdet.framework.pages.POMFactory.homePage(POMFactory.java:15)
	at tek.sdet.framework.pages.POMFactory.homePage(POMFactory.java:15)
	at tek.sdet.framework.pages.POMFactory.homePage(POMFactory.java:15)
	at tek.sdet.framework.pages.POMFactory.homePage(POMFactory.java:15)
	at tek.sdet.framework.pages.POMFactory.homePage(POMFactory.java:15)
	at tek.sdet.framework.pages.POMFactory.homePage(POMFactory.java:15)
	at tek.sdet.framework.pages.POMFactory.homePage(POMFactory.java:15)
	at tek.sdet.framework.pages.POMFactory.homePage(POMFactory.java:15)
	at tek.sdet.framework.pages.POMFactory.homePage(POMFactory.java:15)
	at tek.sdet.framework.pages.POMFactory.homePage(POMFactory.java:15)
	at tek.sdet.framework.pages.POMFactory.homePage(POMFactory.java:15)
	at tek.sdet.framework.pages.POMFactory.homePage(POMFactory.java:15)
	at tek.sdet.framework.pages.POMFactory.homePage(POMFactory.java:15)
	at tek.sdet.framework.pages.POMFactory.homePage(POMFactory.java:15)
	at tek.sdet.framework.pages.POMFactory.homePage(POMFactory.java:15)
	at tek.sdet.framework.pages.POMFactory.homePage(POMFactory.java:15)
	at tek.sdet.framework.pages.POMFactory.homePage(POMFactory.java:15)
	at tek.sdet.framework.pages.POMFactory.homePage(POMFactory.java:15)
	at tek.sdet.framework.pages.POMFactory.homePage(POMFactory.java:15)
	at tek.sdet.framework.pages.POMFactory.homePage(POMFactory.java:15)
	at tek.sdet.framework.pages.POMFactory.homePage(POMFactory.java:15)
	at tek.sdet.framework.pages.POMFactory.homePage(POMFactory.java:15)
	at tek.sdet.framework.pages.POMFactory.homePage(POMFactory.java:15)
	at tek.sdet.framework.pages.POMFactory.homePage(POMFactory.java:15)
	at tek.sdet.framework.pages.POMFactory.homePage(POMFactory.java:15)
	at tek.sdet.framework.pages.POMFactory.homePage(POMFactory.java:15)
	at tek.sdet.framework.pages.POMFactory.homePage(POMFactory.java:15)
	at tek.sdet.framework.pages.POMFactory.homePage(POMFactory.java:15)
	at tek.sdet.framework.pages.POMFactory.homePage(POMFactory.java:15)
	at tek.sdet.framework.pages.POMFactory.homePage(POMFactory.java:15)
	at tek.sdet.framework.pages.POMFactory.homePage(POMFactory.java:15)
	at tek.sdet.framework.pages.POMFactory.homePage(POMFactory.java:15)
	at tek.sdet.framework.pages.POMFactory.homePage(POMFactory.java:15)
	at tek.sdet.framework.pages.POMFactory.homePage(POMFactory.java:15)
	at tek.sdet.framework.pages.POMFactory.homePage(POMFactory.java:15)
	at tek.sdet.framework.pages.POMFactory.homePage(POMFactory.java:15)
	at tek.sdet.framework.pages.POMFactory.homePage(POMFactory.java:15)
	at tek.sdet.framework.pages.POMFactory.homePage(POMFactory.java:15)
	at tek.sdet.framework.pages.POMFactory.homePage(POMFactory.java:15)
	at tek.sdet.framework.pages.POMFactory.homePage(POMFactory.java:15)
	at tek.sdet.framework.pages.POMFactory.homePage(POMFactory.java:15)
	at tek.sdet.framework.pages.POMFactory.homePage(POMFactory.java:15)
	at tek.sdet.framework.pages.POMFactory.homePage(POMFactory.java:15)
	at tek.sdet.framework.pages.POMFactory.homePage(POMFactory.java:15)
	at tek.sdet.framework.pages.POMFactory.homePage(POMFactory.java:15)
	at tek.sdet.framework.pages.POMFactory.homePage(POMFactory.java:15)
	at tek.sdet.framework.pages.POMFactory.homePage(POMFactory.java:15)
	at tek.sdet.framework.pages.POMFactory.homePage(POMFactory.java:15)
	at tek.sdet.framework.pages.POMFactory.homePage(POMFactory.java:15)
	at tek.sdet.framework.pages.POMFactory.homePage(POMFactory.java:15)
	at tek.sdet.framework.pages.POMFactory.homePage(POMFactory.java:15)
	at tek.sdet.framework.pages.POMFactory.homePage(POMFactory.java:15)
	at tek.sdet.framework.pages.POMFactory.homePage(POMFactory.java:15)
	at tek.sdet.framework.pages.POMFactory.homePage(POMFactory.java:15)
	at tek.sdet.framework.pages.POMFactory.homePage(POMFactory.java:15)
	at tek.sdet.framework.pages.POMFactory.homePage(POMFactory.java:15)
	at tek.sdet.framework.pages.POMFactory.homePage(POMFactory.java:15)
	at tek.sdet.framework.pages.POMFactory.homePage(POMFactory.java:15)
	at tek.sdet.framework.pages.POMFactory.homePage(POMFactory.java:15)
	at tek.sdet.framework.pages.POMFactory.homePage(POMFactory.java:15)
	at tek.sdet.framework.pages.POMFactory.homePage(POMFactory.java:15)
	at tek.sdet.framework.pages.POMFactory.homePage(POMFactory.java:15)
	at tek.sdet.framework.pages.POMFactory.homePage(POMFactory.java:15)
	at tek.sdet.framework.pages.POMFactory.homePage(POMFactory.java:15)
	at tek.sdet.framework.pages.POMFactory.homePage(POMFactory.java:15)
	at tek.sdet.framework.pages.POMFactory.homePage(POMFactory.java:15)
	at tek.sdet.framework.pages.POMFactory.homePage(POMFactory.java:15)
	at tek.sdet.framework.pages.POMFactory.homePage(POMFactory.java:15)
	at tek.sdet.framework.pages.POMFactory.homePage(POMFactory.java:15)
	at tek.sdet.framework.pages.POMFactory.homePage(POMFactory.java:15)
	at tek.sdet.framework.pages.POMFactory.homePage(POMFactory.java:15)
	at tek.sdet.framework.pages.POMFactory.homePage(POMFactory.java:15)
	at tek.sdet.framework.pages.POMFactory.homePage(POMFactory.java:15)
	at tek.sdet.framework.pages.POMFactory.homePage(POMFactory.java:15)
	at tek.sdet.framework.pages.POMFactory.homePage(POMFactory.java:15)
	at tek.sdet.framework.pages.POMFactory.homePage(POMFactory.java:15)
	at tek.sdet.framework.pages.POMFactory.homePage(POMFactory.java:15)
	at tek.sdet.framework.pages.POMFactory.homePage(POMFactory.java:15)
	at tek.sdet.framework.pages.POMFactory.homePage(POMFactory.java:15)
	at tek.sdet.framework.pages.POMFactory.homePage(POMFactory.java:15)
	at tek.sdet.framework.pages.POMFactory.homePage(POMFactory.java:15)
	at tek.sdet.framework.pages.POMFactory.homePage(POMFactory.java:15)
	at tek.sdet.framework.pages.POMFactory.homePage(POMFactory.java:15)
	at tek.sdet.framework.pages.POMFactory.homePage(POMFactory.java:15)
	at tek.sdet.framework.pages.POMFactory.homePage(POMFactory.java:15)
	at tek.sdet.framework.pages.POMFactory.homePage(POMFactory.java:15)
	at tek.sdet.framework.pages.POMFactory.homePage(POMFactory.java:15)
	at tek.sdet.framework.pages.POMFactory.homePage(POMFactory.java:15)
	at tek.sdet.framework.pages.POMFactory.homePage(POMFactory.java:15)
	at tek.sdet.framework.pages.POMFactory.homePage(POMFactory.java:15)
	at tek.sdet.framework.pages.POMFactory.homePage(POMFactory.java:15)
	at tek.sdet.framework.pages.POMFactory.homePage(POMFactory.java:15)
	at tek.sdet.framework.pages.POMFactory.homePage(POMFactory.java:15)
	at tek.sdet.framework.pages.POMFactory.homePage(POMFactory.java:15)
	at tek.sdet.framework.pages.POMFactory.homePage(POMFactory.java:15)
	at tek.sdet.framework.pages.POMFactory.homePage(POMFactory.java:15)
	at tek.sdet.framework.pages.POMFactory.homePage(POMFactory.java:15)
	at tek.sdet.framework.pages.POMFactory.homePage(POMFactory.java:15)
	at tek.sdet.framework.pages.POMFactory.homePage(POMFactory.java:15)
	at tek.sdet.framework.pages.POMFactory.homePage(POMFactory.java:15)
	at tek.sdet.framework.pages.POMFactory.homePage(POMFactory.java:15)
	at tek.sdet.framework.pages.POMFactory.homePage(POMFactory.java:15)
	at tek.sdet.framework.pages.POMFactory.homePage(POMFactory.java:15)
	at tek.sdet.framework.pages.POMFactory.homePage(POMFactory.java:15)
	at tek.sdet.framework.pages.POMFactory.homePage(POMFactory.java:15)
	at tek.sdet.framework.pages.POMFactory.homePage(POMFactory.java:15)
	at tek.sdet.framework.pages.POMFactory.homePage(POMFactory.java:15)
	at tek.sdet.framework.pages.POMFactory.homePage(POMFactory.java:15)
	at tek.sdet.framework.pages.POMFactory.homePage(POMFactory.java:15)
	at tek.sdet.framework.pages.POMFactory.homePage(POMFactory.java:15)
	at tek.sdet.framework.pages.POMFactory.homePage(POMFactory.java:15)
	at tek.sdet.framework.pages.POMFactory.homePage(POMFactory.java:15)
	at tek.sdet.framework.pages.POMFactory.homePage(POMFactory.java:15)
	at tek.sdet.framework.pages.POMFactory.homePage(POMFactory.java:15)
	at tek.sdet.framework.pages.POMFactory.homePage(POMFactory.java:15)
	at tek.sdet.framework.pages.POMFactory.homePage(POMFactory.java:15)
	at tek.sdet.framework.pages.POMFactory.homePage(POMFactory.java:15)
	at tek.sdet.framework.pages.POMFactory.homePage(POMFactory.java:15)
	at tek.sdet.framework.pages.POMFactory.homePage(POMFactory.java:15)
	at tek.sdet.framework.pages.POMFactory.homePage(POMFactory.java:15)
	at tek.sdet.framework.pages.POMFactory.homePage(POMFactory.java:15)
	at tek.sdet.framework.pages.POMFactory.homePage(POMFactory.java:15)
	at tek.sdet.framework.pages.POMFactory.homePage(POMFactory.java:15)
	at tek.sdet.framework.pages.POMFactory.homePage(POMFactory.java:15)
	at tek.sdet.framework.pages.POMFactory.homePage(POMFactory.java:15)
	at tek.sdet.framework.pages.POMFactory.homePage(POMFactory.java:15)
	at tek.sdet.framework.pages.POMFactory.homePage(POMFactory.java:15)
	at tek.sdet.framework.pages.POMFactory.homePage(POMFactory.java:15)
	at tek.sdet.framework.pages.POMFactory.homePage(POMFactory.java:15)
	at tek.sdet.framework.pages.POMFactory.homePage(POMFactory.java:15)
	at tek.sdet.framework.pages.POMFactory.homePage(POMFactory.java:15)
	at tek.sdet.framework.pages.POMFactory.homePage(POMFactory.java:15)
	at tek.sdet.framework.pages.POMFactory.homePage(POMFactory.java:15)
	at tek.sdet.framework.pages.POMFactory.homePage(POMFactory.java:15)
	at tek.sdet.framework.pages.POMFactory.homePage(POMFactory.java:15)
	at tek.sdet.framework.pages.POMFactory.homePage(POMFactory.java:15)
	at tek.sdet.framework.pages.POMFactory.homePage(POMFactory.java:15)
	at tek.sdet.framework.pages.POMFactory.homePage(POMFactory.java:15)
	at tek.sdet.framework.pages.POMFactory.homePage(POMFactory.java:15)
	at tek.sdet.framework.pages.POMFactory.homePage(POMFactory.java:15)
	at tek.sdet.framework.pages.POMFactory.homePage(POMFactory.java:15)
	at tek.sdet.framework.pages.POMFactory.homePage(POMFactory.java:15)
	at tek.sdet.framework.pages.POMFactory.homePage(POMFactory.java:15)
	at tek.sdet.framework.pages.POMFactory.homePage(POMFactory.java:15)
	at tek.sdet.framework.pages.POMFactory.homePage(POMFactory.java:15)
	at tek.sdet.framework.pages.POMFactory.homePage(POMFactory.java:15)
	at tek.sdet.framework.pages.POMFactory.homePage(POMFactory.java:15)
	at tek.sdet.framework.pages.POMFactory.homePage(POMFactory.java:15)
	at tek.sdet.framework.pages.POMFactory.homePage(POMFactory.java:15)
	at tek.sdet.framework.pages.POMFactory.homePage(POMFactory.java:15)
	at tek.sdet.framework.pages.POMFactory.homePage(POMFactory.java:15)
	at tek.sdet.framework.pages.POMFactory.homePage(POMFactory.java:15)
	at tek.sdet.framework.pages.POMFactory.homePage(POMFactory.java:15)
	at tek.sdet.framework.pages.POMFactory.homePage(POMFactory.java:15)
	at tek.sdet.framework.pages.POMFactory.homePage(POMFactory.java:15)
	at tek.sdet.framework.pages.POMFactory.homePage(POMFactory.java:15)
	at tek.sdet.framework.pages.POMFactory.homePage(POMFactory.java:15)
	at tek.sdet.framework.pages.POMFactory.homePage(POMFactory.java:15)
	at tek.sdet.framework.pages.POMFactory.homePage(POMFactory.java:15)
	at tek.sdet.framework.pages.POMFactory.homePage(POMFactory.java:15)
	at tek.sdet.framework.pages.POMFactory.homePage(POMFactory.java:15)
	at tek.sdet.framework.pages.POMFactory.homePage(POMFactory.java:15)
	at tek.sdet.framework.pages.POMFactory.homePage(POMFactory.java:15)
	at tek.sdet.framework.pages.POMFactory.homePage(POMFactory.java:15)
	at tek.sdet.framework.pages.POMFactory.homePage(POMFactory.java:15)
	at tek.sdet.framework.pages.POMFactory.homePage(POMFactory.java:15)
	at tek.sdet.framework.pages.POMFactory.homePage(POMFactory.java:15)
	at tek.sdet.framework.pages.POMFactory.homePage(POMFactory.java:15)
	at tek.sdet.framework.pages.POMFactory.homePage(POMFactory.java:15)
	at tek.sdet.framework.pages.POMFactory.homePage(POMFactory.java:15)
	at tek.sdet.framework.pages.POMFactory.homePage(POMFactory.java:15)
	at tek.sdet.framework.pages.POMFactory.homePage(POMFactory.java:15)
	at tek.sdet.framework.pages.POMFactory.homePage(POMFactory.java:15)
	at tek.sdet.framework.pages.POMFactory.homePage(POMFactory.java:15)
	at tek.sdet.framework.pages.POMFactory.homePage(POMFactory.java:15)
	at tek.sdet.framework.pages.POMFactory.homePage(POMFactory.java:15)
	at tek.sdet.framework.pages.POMFactory.homePage(POMFactory.java:15)
	at tek.sdet.framework.pages.POMFactory.homePage(POMFactory.java:15)
	at tek.sdet.framework.pages.POMFactory.homePage(POMFactory.java:15)
	at tek.sdet.framework.pages.POMFactory.homePage(POMFactory.java:15)
	at tek.sdet.framework.pages.POMFactory.homePage(POMFactory.java:15)
	at tek.sdet.framework.pages.POMFactory.homePage(POMFactory.java:15)
	at tek.sdet.framework.pages.POMFactory.homePage(POMFactory.java:15)
	at tek.sdet.framework.pages.POMFactory.homePage(POMFactory.java:15)
	at tek.sdet.framework.pages.POMFactory.homePage(POMFactory.java:15)
	at tek.sdet.framework.pages.POMFactory.homePage(POMFactory.java:15)
	at tek.sdet.framework.pages.POMFactory.homePage(POMFactory.java:15)
	at tek.sdet.framework.pages.POMFactory.homePage(POMFactory.java:15)
	at tek.sdet.framework.pages.POMFactory.homePage(POMFactory.java:15)
	at tek.sdet.framework.pages.POMFactory.homePage(POMFactory.java:15)
	at tek.sdet.framework.pages.POMFactory.homePage(POMFactory.java:15)
	at tek.sdet.framework.pages.POMFactory.homePage(POMFactory.java:15)
	at tek.sdet.framework.pages.POMFactory.homePage(POMFactory.java:15)
	at tek.sdet.framework.pages.POMFactory.homePage(POMFactory.java:15)
	at tek.sdet.framework.pages.POMFactory.homePage(POMFactory.java:15)
	at tek.sdet.framework.pages.POMFactory.homePage(POMFactory.java:15)
	at tek.sdet.framework.pages.POMFactory.homePage(POMFactory.java:15)
	at tek.sdet.framework.pages.POMFactory.homePage(POMFactory.java:15)
	at tek.sdet.framework.pages.POMFactory.homePage(POMFactory.java:15)
	at tek.sdet.framework.pages.POMFactory.homePage(POMFactory.java:15)
	at tek.sdet.framework.pages.POMFactory.homePage(POMFactory.java:15)
	at tek.sdet.framework.pages.POMFactory.homePage(POMFactory.java:15)
	at tek.sdet.framework.pages.POMFactory.homePage(POMFactory.java:15)
	at tek.sdet.framework.pages.POMFactory.homePage(POMFactory.java:15)
	at tek.sdet.framework.pages.POMFactory.homePage(POMFactory.java:15)
	at tek.sdet.framework.pages.POMFactory.homePage(POMFactory.java:15)
	at tek.sdet.framework.pages.POMFactory.homePage(POMFactory.java:15)
	at tek.sdet.framework.pages.POMFactory.homePage(POMFactory.java:15)
	at tek.sdet.framework.pages.POMFactory.homePage(POMFactory.java:15)
	at tek.sdet.framework.pages.POMFactory.homePage(POMFactory.java:15)
	at tek.sdet.framework.pages.POMFactory.homePage(POMFactory.java:15)
	at tek.sdet.framework.pages.POMFactory.homePage(POMFactory.java:15)
	at tek.sdet.framework.pages.POMFactory.homePage(POMFactory.java:15)
	at tek.sdet.framework.pages.POMFactory.homePage(POMFactory.java:15)
	at tek.sdet.framework.pages.POMFactory.homePage(POMFactory.java:15)
	at tek.sdet.framework.pages.POMFactory.homePage(POMFactory.java:15)
	at tek.sdet.framework.pages.POMFactory.homePage(POMFactory.java:15)
	at tek.sdet.framework.pages.POMFactory.homePage(POMFactory.java:15)
	at tek.sdet.framework.pages.POMFactory.homePage(POMFactory.java:15)
	at tek.sdet.framework.pages.POMFactory.homePage(POMFactory.java:15)
	at tek.sdet.framework.pages.POMFactory.homePage(POMFactory.java:15)
	at tek.sdet.framework.pages.POMFactory.homePage(POMFactory.java:15)
	at tek.sdet.framework.pages.POMFactory.homePage(POMFactory.java:15)
	at tek.sdet.framework.pages.POMFactory.homePage(POMFactory.java:15)
	at tek.sdet.framework.pages.POMFactory.homePage(POMFactory.java:15)
	at tek.sdet.framework.pages.POMFactory.homePage(POMFactory.java:15)
	at tek.sdet.framework.pages.POMFactory.homePage(POMFactory.java:15)
	at tek.sdet.framework.pages.POMFactory.homePage(POMFactory.java:15)
	at tek.sdet.framework.pages.POMFactory.homePage(POMFactory.java:15)
	at tek.sdet.framework.pages.POMFactory.homePage(POMFactory.java:15)
	at tek.sdet.framework.pages.POMFactory.homePage(POMFactory.java:15)
	at tek.sdet.framework.pages.POMFactory.homePage(POMFactory.java:15)
	at tek.sdet.framework.pages.POMFactory.homePage(POMFactory.java:15)
	at tek.sdet.framework.pages.POMFactory.homePage(POMFactory.java:15)
	at tek.sdet.framework.pages.POMFactory.homePage(POMFactory.java:15)
	at tek.sdet.framework.pages.POMFactory.homePage(POMFactory.java:15)
	at tek.sdet.framework.pages.POMFactory.homePage(POMFactory.java:15)
	at tek.sdet.framework.pages.POMFactory.homePage(POMFactory.java:15)
	at tek.sdet.framework.pages.POMFactory.homePage(POMFactory.java:15)
	at tek.sdet.framework.pages.POMFactory.homePage(POMFactory.java:15)
	at tek.sdet.framework.pages.POMFactory.homePage(POMFactory.java:15)
	at tek.sdet.framework.pages.POMFactory.homePage(POMFactory.java:15)
	at tek.sdet.framework.pages.POMFactory.homePage(POMFactory.java:15)
	at tek.sdet.framework.pages.POMFactory.homePage(POMFactory.java:15)
	at tek.sdet.framework.pages.POMFactory.homePage(POMFactory.java:15)
	at tek.sdet.framework.pages.POMFactory.homePage(POMFactory.java:15)
	at tek.sdet.framework.pages.POMFactory.homePage(POMFactory.java:15)
	at tek.sdet.framework.pages.POMFactory.homePage(POMFactory.java:15)
	at tek.sdet.framework.pages.POMFactory.homePage(POMFactory.java:15)
	at tek.sdet.framework.pages.POMFactory.homePage(POMFactory.java:15)
	at tek.sdet.framework.pages.POMFactory.homePage(POMFactory.java:15)
	at tek.sdet.framework.pages.POMFactory.homePage(POMFactory.java:15)
	at tek.sdet.framework.pages.POMFactory.homePage(POMFactory.java:15)
	at tek.sdet.framework.pages.POMFactory.homePage(POMFactory.java:15)
	at tek.sdet.framework.pages.POMFactory.homePage(POMFactory.java:15)
	at tek.sdet.framework.pages.POMFactory.homePage(POMFactory.java:15)
	at tek.sdet.framework.pages.POMFactory.homePage(POMFactory.java:15)
	at tek.sdet.framework.pages.POMFactory.homePage(POMFactory.java:15)
	at tek.sdet.framework.pages.POMFactory.homePage(POMFactory.java:15)
	at tek.sdet.framework.pages.POMFactory.homePage(POMFactory.java:15)
	at tek.sdet.framework.pages.POMFactory.homePage(POMFactory.java:15)
	at tek.sdet.framework.pages.POMFactory.homePage(POMFactory.java:15)
	at tek.sdet.framework.pages.POMFactory.homePage(POMFactory.java:15)
	at tek.sdet.framework.pages.POMFactory.homePage(POMFactory.java:15)
	at tek.sdet.framework.pages.POMFactory.homePage(POMFactory.java:15)
	at tek.sdet.framework.pages.POMFactory.homePage(POMFactory.java:15)
	at tek.sdet.framework.pages.POMFactory.homePage(POMFactory.java:15)
	at tek.sdet.framework.pages.POMFactory.homePage(POMFactory.java:15)
	at tek.sdet.framework.pages.POMFactory.homePage(POMFactory.java:15)
	at tek.sdet.framework.pages.POMFactory.homePage(POMFactory.java:15)
	at tek.sdet.framework.pages.POMFactory.homePage(POMFactory.java:15)
	at tek.sdet.framework.pages.POMFactory.homePage(POMFactory.java:15)
	at tek.sdet.framework.pages.POMFactory.homePage(POMFactory.java:15)
	at tek.sdet.framework.pages.POMFactory.homePage(POMFactory.java:15)
	at tek.sdet.framework.pages.POMFactory.homePage(POMFactory.java:15)
	at tek.sdet.framework.pages.POMFactory.homePage(POMFactory.java:15)
	at tek.sdet.framework.pages.POMFactory.homePage(POMFactory.java:15)
	at tek.sdet.framework.pages.POMFactory.homePage(POMFactory.java:15)
	at tek.sdet.framework.pages.POMFactory.homePage(POMFactory.java:15)
	at tek.sdet.framework.pages.POMFactory.homePage(POMFactory.java:15)
	at tek.sdet.framework.pages.POMFactory.homePage(POMFactory.java:15)
	at tek.sdet.framework.pages.POMFactory.homePage(POMFactory.java:15)
	at tek.sdet.framework.pages.POMFactory.homePage(POMFactory.java:15)
	at tek.sdet.framework.pages.POMFactory.homePage(POMFactory.java:15)
	at tek.sdet.framework.pages.POMFactory.homePage(POMFactory.java:15)
	at tek.sdet.framework.pages.POMFactory.homePage(POMFactory.java:15)
	at tek.sdet.framework.pages.POMFactory.homePage(POMFactory.java:15)
	at tek.sdet.framework.pages.POMFactory.homePage(POMFactory.java:15)
	at tek.sdet.framework.pages.POMFactory.homePage(POMFactory.java:15)
	at tek.sdet.framework.pages.POMFactory.homePage(POMFactory.java:15)
	at tek.sdet.framework.pages.POMFactory.homePage(POMFactory.java:15)
	at tek.sdet.framework.pages.POMFactory.homePage(POMFactory.java:15)
	at tek.sdet.framework.pages.POMFactory.homePage(POMFactory.java:15)
	at tek.sdet.framework.pages.POMFactory.homePage(POMFactory.java:15)
	at tek.sdet.framework.pages.POMFactory.homePage(POMFactory.java:15)
	at tek.sdet.framework.pages.POMFactory.homePage(POMFactory.java:15)
	at tek.sdet.framework.pages.POMFactory.homePage(POMFactory.java:15)
	at tek.sdet.framework.pages.POMFactory.homePage(POMFactory.java:15)
	at tek.sdet.framework.pages.POMFactory.homePage(POMFactory.java:15)
	at tek.sdet.framework.pages.POMFactory.homePage(POMFactory.java:15)
	at tek.sdet.framework.pages.POMFactory.homePage(POMFactory.java:15)
	at tek.sdet.framework.pages.POMFactory.homePage(POMFactory.java:15)
	at tek.sdet.framework.pages.POMFactory.homePage(POMFactory.java:15)
	at tek.sdet.framework.pages.POMFactory.homePage(POMFactory.java:15)
	at tek.sdet.framework.pages.POMFactory.homePage(POMFactory.java:15)
	at tek.sdet.framework.pages.POMFactory.homePage(POMFactory.java:15)
	at tek.sdet.framework.pages.POMFactory.homePage(POMFactory.java:15)
	at tek.sdet.framework.pages.POMFactory.homePage(POMFactory.java:15)
	at tek.sdet.framework.pages.POMFactory.homePage(POMFactory.java:15)
	at tek.sdet.framework.pages.POMFactory.homePage(POMFactory.java:15)
	at tek.sdet.framework.pages.POMFactory.homePage(POMFactory.java:15)
	at tek.sdet.framework.pages.POMFactory.homePage(POMFactory.java:15)
	at tek.sdet.framework.pages.POMFactory.homePage(POMFactory.java:15)
	at tek.sdet.framework.pages.POMFactory.homePage(POMFactory.java:15)
	at tek.sdet.framework.pages.POMFactory.homePage(POMFactory.java:15)
	at tek.sdet.framework.pages.POMFactory.homePage(POMFactory.java:15)
	at tek.sdet.framework.pages.POMFactory.homePage(POMFactory.java:15)
	at tek.sdet.framework.pages.POMFactory.homePage(POMFactory.java:15)
	at tek.sdet.framework.pages.POMFactory.homePage(POMFactory.java:15)
	at tek.sdet.framework.pages.POMFactory.homePage(POMFactory.java:15)
	at tek.sdet.framework.pages.POMFactory.homePage(POMFactory.java:15)
	at tek.sdet.framework.pages.POMFactory.homePage(POMFactory.java:15)
	at tek.sdet.framework.pages.POMFactory.homePage(POMFactory.java:15)
	at tek.sdet.framework.pages.POMFactory.homePage(POMFactory.java:15)
	at tek.sdet.framework.pages.POMFactory.homePage(POMFactory.java:15)
	at tek.sdet.framework.pages.POMFactory.homePage(POMFactory.java:15)
	at tek.sdet.framework.pages.POMFactory.homePage(POMFactory.java:15)
	at tek.sdet.framework.pages.POMFactory.homePage(POMFactory.java:15)
	at tek.sdet.framework.pages.POMFactory.homePage(POMFactory.java:15)
	at tek.sdet.framework.pages.POMFactory.homePage(POMFactory.java:15)
	at tek.sdet.framework.pages.POMFactory.homePage(POMFactory.java:15)
	at tek.sdet.framework.pages.POMFactory.homePage(POMFactory.java:15)
	at tek.sdet.framework.pages.POMFactory.homePage(POMFactory.java:15)
	at tek.sdet.framework.pages.POMFactory.homePage(POMFactory.java:15)
	at tek.sdet.framework.pages.POMFactory.homePage(POMFactory.java:15)
	at tek.sdet.framework.pages.POMFactory.homePage(POMFactory.java:15)
	at tek.sdet.framework.pages.POMFactory.homePage(POMFactory.java:15)
	at tek.sdet.framework.pages.POMFactory.homePage(POMFactory.java:15)
	at tek.sdet.framework.pages.POMFactory.homePage(POMFactory.java:15)
	at tek.sdet.framework.pages.POMFactory.homePage(POMFactory.java:15)
	at tek.sdet.framework.pages.POMFactory.homePage(POMFactory.java:15)
	at tek.sdet.framework.pages.POMFactory.homePage(POMFactory.java:15)
	at tek.sdet.framework.pages.POMFactory.homePage(POMFactory.java:15)
	at tek.sdet.framework.pages.POMFactory.homePage(POMFactory.java:15)
	at tek.sdet.framework.pages.POMFactory.homePage(POMFactory.java:15)
	at tek.sdet.framework.pages.POMFactory.homePage(POMFactory.java:15)
	at tek.sdet.framework.pages.POMFactory.homePage(POMFactory.java:15)
	at tek.sdet.framework.pages.POMFactory.homePage(POMFactory.java:15)
	at tek.sdet.framework.pages.POMFactory.homePage(POMFactory.java:15)
	at tek.sdet.framework.pages.POMFactory.homePage(POMFactory.java:15)
	at tek.sdet.framework.pages.POMFactory.homePage(POMFactory.java:15)
	at tek.sdet.framework.pages.POMFactory.homePage(POMFactory.java:15)
	at tek.sdet.framework.pages.POMFactory.homePage(POMFactory.java:15)
	at tek.sdet.framework.pages.POMFactory.homePage(POMFactory.java:15)
	at tek.sdet.framework.pages.POMFactory.homePage(POMFactory.java:15)
	at tek.sdet.framework.pages.POMFactory.homePage(POMFactory.java:15)
	at tek.sdet.framework.pages.POMFactory.homePage(POMFactory.java:15)
	at tek.sdet.framework.pages.POMFactory.homePage(POMFactory.java:15)
	at tek.sdet.framework.pages.POMFactory.homePage(POMFactory.java:15)
	at tek.sdet.framework.pages.POMFactory.homePage(POMFactory.java:15)
	at ✽.User is on retail website(classpath:features/SignIn.feature:5)

