-------------------------------------------------------------------------------
Test set: tek.sdet.framework.runner.TestRunner
-------------------------------------------------------------------------------
Tests run: 1, Failures: 0, Errors: 1, Skipped: 0, Time elapsed: 16.049 s <<< FAILURE! - in tek.sdet.framework.runner.TestRunner
Retail Pgae application.Verify user can search a product  Time elapsed: 14.885 s  <<< ERROR!
java.lang.StackOverflowError
	at tek.sdet.framework.pages.POMFactory.homePage(POMFactory.java:15)
	at tek.sdet.framework.pages.POMFactory.homePage(POMFactory.java:15)
	at tek.sdet.framework.pages.POMFactory.homePage(POMFactory.java:15)
	at tek.sdet.framework.pages.POMFactory.homePage(POMFactory.java:15)
	at tek.sdet.framework.pages.POMFactory.homePage(POMFactory.java:15)
	at tek.sdet.framework.pages.POMFactory.homePage(POMFactory.java:15)
	at tek.sdet.framework.pages.POMFactory.homePage(POMFactory.java:15)
	at tek.sdet.framework.pages.POMFactory.homePage(POMFactory.java:15)
	at tek.sdet.framework.pages.POMFactory.homePage(POMFactory.java:15)
	at tek.sdet.framework.pages.POMFactory.homePage(POMFactory.java:15)
	at tek.sdet.framework.pages.POMFactory.homePage(POMFactory.java:15)
	at tek.sdet.framework.pages.POMFactory.homePage(POMFactory.java:15)
	at tek.sdet.framework.pages.POMFactory.homePage(POMFactory.java:15)
	at tek.sdet.framework.pages.POMFactory.homePage(POMFactory.java:15)
	at tek.sdet.framework.pages.POMFactory.homePage(POMFactory.java:15)
	at tek.sdet.framework.pages.POMFactory.homePage(POMFactory.java:15)
	at tek.sdet.framework.pages.POMFactory.homePage(POMFactory.java:15)
	at tek.sdet.framework.pages.POMFactory.homePage(POMFactory.java:15)
	at tek.sdet.framework.pages.POMFactory.homePage(POMFactory.java:15)
	at tek.sdet.framework.pages.POMFactory.homePage(POMFactory.java:15)
	at tek.sdet.framework.pages.POMFactory.homePage(POMFactory.java:15)
	at tek.sdet.framework.pages.POMFactory.homePage(POMFactory.java:15)
	at tek.sdet.framework.pages.POMFactory.homePage(POMFactory.java:15)
	at tek.sdet.framework.pages.POMFactory.homePage(POMFactory.java:15)
	at tek.sdet.framework.pages.POMFactory.homePage(POMFactory.java:15)
	at tek.sdet.framework.pages.POMFactory.homePage(POMFactory.java:15)
	at tek.sdet.framework.pages.POMFactory.homePage(POMFactory.java:15)
	at tek.sdet.framework.pages.POMFactory.homePage(POMFactory.java:15)
	at tek.sdet.framework.pages.POMFactory.homePage(POMFactory.java:15)
	at tek.sdet.framework.pages.POMFactory.homePage(POMFactory.java:15)
	at tek.sdet.framework.pages.POMFactory.homePage(POMFactory.java:15)
	at tek.sdet.framework.pages.POMFactory.homePage(POMFactory.java:15)
	at tek.sdet.framework.pages.POMFactory.homePage(POMFactory.java:15)
	at tek.sdet.framework.pages.POMFactory.homePage(POMFactory.java:15)
	at tek.sdet.framework.pages.POMFactory.homePage(POMFactory.java:15)
	at tek.sdet.framework.pages.POMFactory.homePage(POMFactory.java:15)
	at tek.sdet.framework.pages.POMFactory.homePage(POMFactory.java:15)
	at tek.sdet.framework.pages.POMFactory.homePage(POMFactory.java:15)
	at tek.sdet.framework.pages.POMFactory.homePage(POMFactory.java:15)
	at tek.sdet.framework.pages.POMFactory.homePage(POMFactory.java:15)
	at tek.sdet.framework.pages.POMFactory.homePage(POMFactory.java:15)
	at tek.sdet.framework.pages.POMFactory.homePage(POMFactory.java:15)
	at tek.sdet.framework.pages.POMFactory.homePage(POMFactory.java:15)
	at tek.sdet.framework.pages.POMFactory.homePage(POMFactory.java:15)
	at tek.sdet.framework.pages.POMFactory.homePage(POMFactory.java:15)
	at tek.sdet.framework.pages.POMFactory.homePage(POMFactory.java:15)
	at tek.sdet.framework.pages.POMFactory.homePage(POMFactory.java:15)
	at tek.sdet.framework.pages.POMFactory.homePage(POMFactory.java:15)
	at tek.sdet.framework.pages.POMFactory.homePage(POMFactory.java:15)
	at tek.sdet.framework.pages.POMFactory.homePage(POMFactory.java:15)
	at tek.sdet.framework.pages.POMFactory.homePage(POMFactory.java:15)
	at tek.sdet.framework.pages.POMFactory.homePage(POMFactory.java:15)
	at tek.sdet.framework.pages.POMFactory.homePage(POMFactory.java:15)
	at tek.sdet.framework.pages.POMFactory.homePage(POMFactory.java:15)
	at tek.sdet.framework.pages.POMFactory.homePage(POMFactory.java:15)
	at tek.sdet.framework.pages.POMFactory.homePage(POMFactory.java:15)
	at tek.sdet.framework.pages.POMFactory.homePage(POMFactory.java:15)
	at tek.sdet.framework.pages.POMFactory.homePage(POMFactory.java:15)
	at tek.sdet.framework.pages.POMFactory.homePage(POMFactory.java:15)
	at tek.sdet.framework.pages.POMFactory.homePage(POMFactory.java:15)
	at tek.sdet.framework.pages.POMFactory.homePage(POMFactory.java:15)
	at tek.sdet.framework.pages.POMFactory.homePage(POMFactory.java:15)
	at tek.sdet.framework.pages.POMFactory.homePage(POMFactory.java:15)
	at tek.sdet.framework.pages.POMFactory.homePage(POMFactory.java:15)
	at tek.sdet.framework.pages.POMFactory.homePage(POMFactory.java:15)
	at tek.sdet.framework.pages.POMFactory.homePage(POMFactory.java:15)
	at tek.sdet.framework.pages.POMFactory.homePage(POMFactory.java:15)
	at tek.sdet.framework.pages.POMFactory.homePage(POMFactory.java:15)
	at tek.sdet.framework.pages.POMFactory.homePage(POMFactory.java:15)
	at tek.sdet.framework.pages.POMFactory.homePage(POMFactory.java:15)
	at tek.sdet.framework.pages.POMFactory.homePage(POMFactory.java:15)
	at tek.sdet.framework.pages.POMFactory.homePage(POMFactory.java:15)
	at tek.sdet.framework.pages.POMFactory.homePage(POMFactory.java:15)
	at tek.sdet.framework.pages.POMFactory.homePage(POMFactory.java:15)
	at tek.sdet.framework.pages.POMFactory.homePage(POMFactory.java:15)
	at tek.sdet.framework.pages.POMFactory.homePage(POMFactory.java:15)
	at tek.sdet.framework.pages.POMFactory.homePage(POMFactory.java:15)
	at tek.sdet.framework.pages.POMFactory.homePage(POMFactory.java:15)
	at tek.sdet.framework.pages.POMFactory.homePage(POMFactory.java:15)
	at tek.sdet.framework.pages.POMFactory.homePage(POMFactory.java:15)
	at tek.sdet.framework.pages.POMFactory.homePage(POMFactory.java:15)
	at tek.sdet.framework.pages.POMFactory.homePage(POMFactory.java:15)
	at tek.sdet.framework.pages.POMFactory.homePage(POMFactory.java:15)
	at tek.sdet.framework.pages.POMFactory.homePage(POMFactory.java:15)
	at tek.sdet.framework.pages.POMFactory.homePage(POMFactory.java:15)
	at tek.sdet.framework.pages.POMFactory.homePage(POMFactory.java:15)
	at tek.sdet.framework.pages.POMFactory.homePage(POMFactory.java:15)
	at tek.sdet.framework.pages.POMFactory.homePage(POMFactory.java:15)
	at tek.sdet.framework.pages.POMFactory.homePage(POMFactory.java:15)
	at tek.sdet.framework.pages.POMFactory.homePage(POMFactory.java:15)
	at tek.sdet.framework.pages.POMFactory.homePage(POMFactory.java:15)
	at tek.sdet.framework.pages.POMFactory.homePage(POMFactory.java:15)
	at tek.sdet.framework.pages.POMFactory.homePage(POMFactory.java:15)
	at tek.sdet.framework.pages.POMFactory.homePage(POMFactory.java:15)
	at tek.sdet.framework.pages.POMFactory.homePage(POMFactory.java:15)
	at tek.sdet.framework.pages.POMFactory.homePage(POMFactory.java:15)
	at tek.sdet.framework.pages.POMFactory.homePage(POMFactory.java:15)
	at tek.sdet.framework.pages.POMFactory.homePage(POMFactory.java:15)
	at tek.sdet.framework.pages.POMFactory.homePage(POMFactory.java:15)
	at tek.sdet.framework.pages.POMFactory.homePage(POMFactory.java:15)
	at tek.sdet.framework.pages.POMFactory.homePage(POMFactory.java:15)
	at tek.sdet.framework.pages.POMFactory.homePage(POMFactory.java:15)
	at tek.sdet.framework.pages.POMFactory.homePage(POMFactory.java:15)
	at tek.sdet.framework.pages.POMFactory.homePage(POMFactory.java:15)
	at tek.sdet.framework.pages.POMFactory.homePage(POMFactory.java:15)
	at tek.sdet.framework.pages.POMFactory.homePage(POMFactory.java:15)
	at tek.sdet.framework.pages.POMFactory.homePage(POMFactory.java:15)
	at tek.sdet.framework.pages.POMFactory.homePage(POMFactory.java:15)
	at tek.sdet.framework.pages.POMFactory.homePage(POMFactory.java:15)
	at tek.sdet.framework.pages.POMFactory.homePage(POMFactory.java:15)
	at tek.sdet.framework.pages.POMFactory.homePage(POMFactory.java:15)
	at tek.sdet.framework.pages.POMFactory.homePage(POMFactory.java:15)
	at tek.sdet.framework.pages.POMFactory.homePage(POMFactory.java:15)
	at tek.sdet.framework.pages.POMFactory.homePage(POMFactory.java:15)
	at tek.sdet.framework.pages.POMFactory.homePage(POMFactory.java:15)
	at tek.sdet.framework.pages.POMFactory.homePage(POMFactory.java:15)
	at tek.sdet.framework.pages.POMFactory.homePage(POMFactory.java:15)
	at tek.sdet.framework.pages.POMFactory.homePage(POMFactory.java:15)
	at tek.sdet.framework.pages.POMFactory.homePage(POMFactory.java:15)
	at tek.sdet.framework.pages.POMFactory.homePage(POMFactory.java:15)
	at tek.sdet.framework.pages.POMFactory.homePage(POMFactory.java:15)
	at tek.sdet.framework.pages.POMFactory.homePage(POMFactory.java:15)
	at tek.sdet.framework.pages.POMFactory.homePage(POMFactory.java:15)
	at tek.sdet.framework.pages.POMFactory.homePage(POMFactory.java:15)
	at tek.sdet.framework.pages.POMFactory.homePage(POMFactory.java:15)
	at tek.sdet.framework.pages.POMFactory.homePage(POMFactory.java:15)
	at tek.sdet.framework.pages.POMFactory.homePage(POMFactory.java:15)
	at tek.sdet.framework.pages.POMFactory.homePage(POMFactory.java:15)
	at tek.sdet.framework.pages.POMFactory.homePage(POMFactory.java:15)
	at tek.sdet.framework.pages.POMFactory.homePage(POMFactory.java:15)
	at tek.sdet.framework.pages.POMFactory.homePage(POMFactory.java:15)
	at tek.sdet.framework.pages.POMFactory.homePage(POMFactory.java:15)
	at tek.sdet.framework.pages.POMFactory.homePage(POMFactory.java:15)
	at tek.sdet.framework.pages.POMFactory.homePage(POMFactory.java:15)
	at tek.sdet.framework.pages.POMFactory.homePage(POMFactory.java:15)
	at tek.sdet.framework.pages.POMFactory.homePage(POMFactory.java:15)
	at tek.sdet.framework.pages.POMFactory.homePage(POMFactory.java:15)
	at tek.sdet.framework.pages.POMFactory.homePage(POMFactory.java:15)
	at tek.sdet.framework.pages.POMFactory.homePage(POMFactory.java:15)
	at tek.sdet.framework.pages.POMFactory.homePage(POMFactory.java:15)
	at tek.sdet.framework.pages.POMFactory.homePage(POMFactory.java:15)
	at tek.sdet.framework.pages.POMFactory.homePage(POMFactory.java:15)
	at tek.sdet.framework.pages.POMFactory.homePage(POMFactory.java:15)
	at tek.sdet.framework.pages.POMFactory.homePage(POMFactory.java:15)
	at tek.sdet.framework.pages.POMFactory.homePage(POMFactory.java:15)
	at tek.sdet.framework.pages.POMFactory.homePage(POMFactory.java:15)
	at tek.sdet.framework.pages.POMFactory.homePage(POMFactory.java:15)
	at tek.sdet.framework.pages.POMFactory.homePage(POMFactory.java:15)
	at tek.sdet.framework.pages.POMFactory.homePage(POMFactory.java:15)
	at tek.sdet.framework.pages.POMFactory.homePage(POMFactory.java:15)
	at tek.sdet.framework.pages.POMFactory.homePage(POMFactory.java:15)
	at tek.sdet.framework.pages.POMFactory.homePage(POMFactory.java:15)
	at tek.sdet.framework.pages.POMFactory.homePage(POMFactory.java:15)
	at tek.sdet.framework.pages.POMFactory.homePage(POMFactory.java:15)
	at tek.sdet.framework.pages.POMFactory.homePage(POMFactory.java:15)
	at tek.sdet.framework.pages.POMFactory.homePage(POMFactory.java:15)
	at tek.sdet.framework.pages.POMFactory.homePage(POMFactory.java:15)
	at tek.sdet.framework.pages.POMFactory.homePage(POMFactory.java:15)
	at tek.sdet.framework.pages.POMFactory.homePage(POMFactory.java:15)
	at tek.sdet.framework.pages.POMFactory.homePage(POMFactory.java:15)
	at tek.sdet.framework.pages.POMFactory.homePage(POMFactory.java:15)
	at tek.sdet.framework.pages.POMFactory.homePage(POMFactory.java:15)
	at tek.sdet.framework.pages.POMFactory.homePage(POMFactory.java:15)
	at tek.sdet.framework.pages.POMFactory.homePage(POMFactory.java:15)
	at tek.sdet.framework.pages.POMFactory.homePage(POMFactory.java:15)
	at tek.sdet.framework.pages.POMFactory.homePage(POMFactory.java:15)
	at tek.sdet.framework.pages.POMFactory.homePage(POMFactory.java:15)
	at tek.sdet.framework.pages.POMFactory.homePage(POMFactory.java:15)
	at tek.sdet.framework.pages.POMFactory.homePage(POMFactory.java:15)
	at tek.sdet.framework.pages.POMFactory.homePage(POMFactory.java:15)
	at tek.sdet.framework.pages.POMFactory.homePage(POMFactory.java:15)
	at tek.sdet.framework.pages.POMFactory.homePage(POMFactory.java:15)
	at tek.sdet.framework.pages.POMFactory.homePage(POMFactory.java:15)
	at tek.sdet.framework.pages.POMFactory.homePage(POMFactory.java:15)
	at tek.sdet.framework.pages.POMFactory.homePage(POMFactory.java:15)
	at tek.sdet.framework.pages.POMFactory.homePage(POMFactory.java:15)
	at tek.sdet.framework.pages.POMFactory.homePage(POMFactory.java:15)
	at tek.sdet.framework.pages.POMFactory.homePage(POMFactory.java:15)
	at tek.sdet.framework.pages.POMFactory.homePage(POMFactory.java:15)
	at tek.sdet.framework.pages.POMFactory.homePage(POMFactory.java:15)
	at tek.sdet.framework.pages.POMFactory.homePage(POMFactory.java:15)
	at tek.sdet.framework.pages.POMFactory.homePage(POMFactory.java:15)
	at tek.sdet.framework.pages.POMFactory.homePage(POMFactory.java:15)
	at tek.sdet.framework.pages.POMFactory.homePage(POMFactory.java:15)
	at tek.sdet.framework.pages.POMFactory.homePage(POMFactory.java:15)
	at tek.sdet.framework.pages.POMFactory.homePage(POMFactory.java:15)
	at tek.sdet.framework.pages.POMFactory.homePage(POMFactory.java:15)
	at tek.sdet.framework.pages.POMFactory.homePage(POMFactory.java:15)
	at tek.sdet.framework.pages.POMFactory.homePage(POMFactory.java:15)
	at tek.sdet.framework.pages.POMFactory.homePage(POMFactory.java:15)
	at tek.sdet.framework.pages.POMFactory.homePage(POMFactory.java:15)
	at tek.sdet.framework.pages.POMFactory.homePage(POMFactory.java:15)
	at tek.sdet.framework.pages.POMFactory.homePage(POMFactory.java:15)
	at tek.sdet.framework.pages.POMFactory.homePage(POMFactory.java:15)
	at tek.sdet.framework.pages.POMFactory.homePage(POMFactory.java:15)
	at tek.sdet.framework.pages.POMFactory.homePage(POMFactory.java:15)
	at tek.sdet.framework.pages.POMFactory.homePage(POMFactory.java:15)
	at tek.sdet.framework.pages.POMFactory.homePage(POMFactory.java:15)
	at tek.sdet.framework.pages.POMFactory.homePage(POMFactory.java:15)
	at tek.sdet.framework.pages.POMFactory.homePage(POMFactory.java:15)
	at tek.sdet.framework.pages.POMFactory.homePage(POMFactory.java:15)
	at tek.sdet.framework.pages.POMFactory.homePage(POMFactory.java:15)
	at tek.sdet.framework.pages.POMFactory.homePage(POMFactory.java:15)
	at tek.sdet.framework.pages.POMFactory.homePage(POMFactory.java:15)
	at tek.sdet.framework.pages.POMFactory.homePage(POMFactory.java:15)
	at tek.sdet.framework.pages.POMFactory.homePage(POMFactory.java:15)
	at tek.sdet.framework.pages.POMFactory.homePage(POMFactory.java:15)
	at tek.sdet.framework.pages.POMFactory.homePage(POMFactory.java:15)
	at tek.sdet.framework.pages.POMFactory.homePage(POMFactory.java:15)
	at tek.sdet.framework.pages.POMFactory.homePage(POMFactory.java:15)
	at tek.sdet.framework.pages.POMFactory.homePage(POMFactory.java:15)
	at tek.sdet.framework.pages.POMFactory.homePage(POMFactory.java:15)
	at tek.sdet.framework.pages.POMFactory.homePage(POMFactory.java:15)
	at tek.sdet.framework.pages.POMFactory.homePage(POMFactory.java:15)
	at tek.sdet.framework.pages.POMFactory.homePage(POMFactory.java:15)
	at tek.sdet.framework.pages.POMFactory.homePage(POMFactory.java:15)
	at tek.sdet.framework.pages.POMFactory.homePage(POMFactory.java:15)
	at tek.sdet.framework.pages.POMFactory.homePage(POMFactory.java:15)
	at tek.sdet.framework.pages.POMFactory.homePage(POMFactory.java:15)
	at tek.sdet.framework.pages.POMFactory.homePage(POMFactory.java:15)
	at tek.sdet.framework.pages.POMFactory.homePage(POMFactory.java:15)
	at tek.sdet.framework.pages.POMFactory.homePage(POMFactory.java:15)
	at tek.sdet.framework.pages.POMFactory.homePage(POMFactory.java:15)
	at tek.sdet.framework.pages.POMFactory.homePage(POMFactory.java:15)
	at tek.sdet.framework.pages.POMFactory.homePage(POMFactory.java:15)
	at tek.sdet.framework.pages.POMFactory.homePage(POMFactory.java:15)
	at tek.sdet.framework.pages.POMFactory.homePage(POMFactory.java:15)
	at tek.sdet.framework.pages.POMFactory.homePage(POMFactory.java:15)
	at tek.sdet.framework.pages.POMFactory.homePage(POMFactory.java:15)
	at tek.sdet.framework.pages.POMFactory.homePage(POMFactory.java:15)
	at tek.sdet.framework.pages.POMFactory.homePage(POMFactory.java:15)
	at tek.sdet.framework.pages.POMFactory.homePage(POMFactory.java:15)
	at tek.sdet.framework.pages.POMFactory.homePage(POMFactory.java:15)
	at tek.sdet.framework.pages.POMFactory.homePage(POMFactory.java:15)
	at tek.sdet.framework.pages.POMFactory.homePage(POMFactory.java:15)
	at tek.sdet.framework.pages.POMFactory.homePage(POMFactory.java:15)
	at tek.sdet.framework.pages.POMFactory.homePage(POMFactory.java:15)
	at tek.sdet.framework.pages.POMFactory.homePage(POMFactory.java:15)
	at tek.sdet.framework.pages.POMFactory.homePage(POMFactory.java:15)
	at tek.sdet.framework.pages.POMFactory.homePage(POMFactory.java:15)
	at tek.sdet.framework.pages.POMFactory.homePage(POMFactory.java:15)
	at tek.sdet.framework.pages.POMFactory.homePage(POMFactory.java:15)
	at tek.sdet.framework.pages.POMFactory.homePage(POMFactory.java:15)
	at tek.sdet.framework.pages.POMFactory.homePage(POMFactory.java:15)
	at tek.sdet.framework.pages.POMFactory.homePage(POMFactory.java:15)
	at tek.sdet.framework.pages.POMFactory.homePage(POMFactory.java:15)
	at tek.sdet.framework.pages.POMFactory.homePage(POMFactory.java:15)
	at tek.sdet.framework.pages.POMFactory.homePage(POMFactory.java:15)
	at tek.sdet.framework.pages.POMFactory.homePage(POMFactory.java:15)
	at tek.sdet.framework.pages.POMFactory.homePage(POMFactory.java:15)
	at tek.sdet.framework.pages.POMFactory.homePage(POMFactory.java:15)
	at tek.sdet.framework.pages.POMFactory.homePage(POMFactory.java:15)
	at tek.sdet.framework.pages.POMFactory.homePage(POMFactory.java:15)
	at tek.sdet.framework.pages.POMFactory.homePage(POMFactory.java:15)
	at tek.sdet.framework.pages.POMFactory.homePage(POMFactory.java:15)
	at tek.sdet.framework.pages.POMFactory.homePage(POMFactory.java:15)
	at tek.sdet.framework.pages.POMFactory.homePage(POMFactory.java:15)
	at tek.sdet.framework.pages.POMFactory.homePage(POMFactory.java:15)
	at tek.sdet.framework.pages.POMFactory.homePage(POMFactory.java:15)
	at tek.sdet.framework.pages.POMFactory.homePage(POMFactory.java:15)
	at tek.sdet.framework.pages.POMFactory.homePage(POMFactory.java:15)
	at tek.sdet.framework.pages.POMFactory.homePage(POMFactory.java:15)
	at tek.sdet.framework.pages.POMFactory.homePage(POMFactory.java:15)
	at tek.sdet.framework.pages.POMFactory.homePage(POMFactory.java:15)
	at tek.sdet.framework.pages.POMFactory.homePage(POMFactory.java:15)
	at tek.sdet.framework.pages.POMFactory.homePage(POMFactory.java:15)
	at tek.sdet.framework.pages.POMFactory.homePage(POMFactory.java:15)
	at tek.sdet.framework.pages.POMFactory.homePage(POMFactory.java:15)
	at tek.sdet.framework.pages.POMFactory.homePage(POMFactory.java:15)
	at tek.sdet.framework.pages.POMFactory.homePage(POMFactory.java:15)
	at tek.sdet.framework.pages.POMFactory.homePage(POMFactory.java:15)
	at tek.sdet.framework.pages.POMFactory.homePage(POMFactory.java:15)
	at tek.sdet.framework.pages.POMFactory.homePage(POMFactory.java:15)
	at tek.sdet.framework.pages.POMFactory.homePage(POMFactory.java:15)
	at tek.sdet.framework.pages.POMFactory.homePage(POMFactory.java:15)
	at tek.sdet.framework.pages.POMFactory.homePage(POMFactory.java:15)
	at tek.sdet.framework.pages.POMFactory.homePage(POMFactory.java:15)
	at tek.sdet.framework.pages.POMFactory.homePage(POMFactory.java:15)
	at tek.sdet.framework.pages.POMFactory.homePage(POMFactory.java:15)
	at tek.sdet.framework.pages.POMFactory.homePage(POMFactory.java:15)
	at tek.sdet.framework.pages.POMFactory.homePage(POMFactory.java:15)
	at tek.sdet.framework.pages.POMFactory.homePage(POMFactory.java:15)
	at tek.sdet.framework.pages.POMFactory.homePage(POMFactory.java:15)
	at tek.sdet.framework.pages.POMFactory.homePage(POMFactory.java:15)
	at tek.sdet.framework.pages.POMFactory.homePage(POMFactory.java:15)
	at tek.sdet.framework.pages.POMFactory.homePage(POMFactory.java:15)
	at tek.sdet.framework.pages.POMFactory.homePage(POMFactory.java:15)
	at tek.sdet.framework.pages.POMFactory.homePage(POMFactory.java:15)
	at tek.sdet.framework.pages.POMFactory.homePage(POMFactory.java:15)
	at tek.sdet.framework.pages.POMFactory.homePage(POMFactory.java:15)
	at tek.sdet.framework.pages.POMFactory.homePage(POMFactory.java:15)
	at tek.sdet.framework.pages.POMFactory.homePage(POMFactory.java:15)
	at tek.sdet.framework.pages.POMFactory.homePage(POMFactory.java:15)
	at tek.sdet.framework.pages.POMFactory.homePage(POMFactory.java:15)
	at tek.sdet.framework.pages.POMFactory.homePage(POMFactory.java:15)
	at tek.sdet.framework.pages.POMFactory.homePage(POMFactory.java:15)
	at tek.sdet.framework.pages.POMFactory.homePage(POMFactory.java:15)
	at tek.sdet.framework.pages.POMFactory.homePage(POMFactory.java:15)
	at tek.sdet.framework.pages.POMFactory.homePage(POMFactory.java:15)
	at tek.sdet.framework.pages.POMFactory.homePage(POMFactory.java:15)
	at tek.sdet.framework.pages.POMFactory.homePage(POMFactory.java:15)
	at tek.sdet.framework.pages.POMFactory.homePage(POMFactory.java:15)
	at tek.sdet.framework.pages.POMFactory.homePage(POMFactory.java:15)
	at tek.sdet.framework.pages.POMFactory.homePage(POMFactory.java:15)
	at tek.sdet.framework.pages.POMFactory.homePage(POMFactory.java:15)
	at tek.sdet.framework.pages.POMFactory.homePage(POMFactory.java:15)
	at tek.sdet.framework.pages.POMFactory.homePage(POMFactory.java:15)
	at tek.sdet.framework.pages.POMFactory.homePage(POMFactory.java:15)
	at tek.sdet.framework.pages.POMFactory.homePage(POMFactory.java:15)
	at tek.sdet.framework.pages.POMFactory.homePage(POMFactory.java:15)
	at tek.sdet.framework.pages.POMFactory.homePage(POMFactory.java:15)
	at tek.sdet.framework.pages.POMFactory.homePage(POMFactory.java:15)
	at tek.sdet.framework.pages.POMFactory.homePage(POMFactory.java:15)
	at tek.sdet.framework.pages.POMFactory.homePage(POMFactory.java:15)
	at tek.sdet.framework.pages.POMFactory.homePage(POMFactory.java:15)
	at tek.sdet.framework.pages.POMFactory.homePage(POMFactory.java:15)
	at tek.sdet.framework.pages.POMFactory.homePage(POMFactory.java:15)
	at tek.sdet.framework.pages.POMFactory.homePage(POMFactory.java:15)
	at tek.sdet.framework.pages.POMFactory.homePage(POMFactory.java:15)
	at tek.sdet.framework.pages.POMFactory.homePage(POMFactory.java:15)
	at tek.sdet.framework.pages.POMFactory.homePage(POMFactory.java:15)
	at tek.sdet.framework.pages.POMFactory.homePage(POMFactory.java:15)
	at tek.sdet.framework.pages.POMFactory.homePage(POMFactory.java:15)
	at tek.sdet.framework.pages.POMFactory.homePage(POMFactory.java:15)
	at tek.sdet.framework.pages.POMFactory.homePage(POMFactory.java:15)
	at tek.sdet.framework.pages.POMFactory.homePage(POMFactory.java:15)
	at tek.sdet.framework.pages.POMFactory.homePage(POMFactory.java:15)
	at tek.sdet.framework.pages.POMFactory.homePage(POMFactory.java:15)
	at tek.sdet.framework.pages.POMFactory.homePage(POMFactory.java:15)
	at tek.sdet.framework.pages.POMFactory.homePage(POMFactory.java:15)
	at tek.sdet.framework.pages.POMFactory.homePage(POMFactory.java:15)
	at tek.sdet.framework.pages.POMFactory.homePage(POMFactory.java:15)
	at tek.sdet.framework.pages.POMFactory.homePage(POMFactory.java:15)
	at tek.sdet.framework.pages.POMFactory.homePage(POMFactory.java:15)
	at tek.sdet.framework.pages.POMFactory.homePage(POMFactory.java:15)
	at tek.sdet.framework.pages.POMFactory.homePage(POMFactory.java:15)
	at tek.sdet.framework.pages.POMFactory.homePage(POMFactory.java:15)
	at tek.sdet.framework.pages.POMFactory.homePage(POMFactory.java:15)
	at tek.sdet.framework.pages.POMFactory.homePage(POMFactory.java:15)
	at tek.sdet.framework.pages.POMFactory.homePage(POMFactory.java:15)
	at tek.sdet.framework.pages.POMFactory.homePage(POMFactory.java:15)
	at tek.sdet.framework.pages.POMFactory.homePage(POMFactory.java:15)
	at tek.sdet.framework.pages.POMFactory.homePage(POMFactory.java:15)
	at tek.sdet.framework.pages.POMFactory.homePage(POMFactory.java:15)
	at tek.sdet.framework.pages.POMFactory.homePage(POMFactory.java:15)
	at tek.sdet.framework.pages.POMFactory.homePage(POMFactory.java:15)
	at tek.sdet.framework.pages.POMFactory.homePage(POMFactory.java:15)
	at tek.sdet.framework.pages.POMFactory.homePage(POMFactory.java:15)
	at tek.sdet.framework.pages.POMFactory.homePage(POMFactory.java:15)
	at tek.sdet.framework.pages.POMFactory.homePage(POMFactory.java:15)
	at tek.sdet.framework.pages.POMFactory.homePage(POMFactory.java:15)
	at tek.sdet.framework.pages.POMFactory.homePage(POMFactory.java:15)
	at tek.sdet.framework.pages.POMFactory.homePage(POMFactory.java:15)
	at tek.sdet.framework.pages.POMFactory.homePage(POMFactory.java:15)
	at tek.sdet.framework.pages.POMFactory.homePage(POMFactory.java:15)
	at tek.sdet.framework.pages.POMFactory.homePage(POMFactory.java:15)
	at tek.sdet.framework.pages.POMFactory.homePage(POMFactory.java:15)
	at tek.sdet.framework.pages.POMFactory.homePage(POMFactory.java:15)
	at tek.sdet.framework.pages.POMFactory.homePage(POMFactory.java:15)
	at tek.sdet.framework.pages.POMFactory.homePage(POMFactory.java:15)
	at tek.sdet.framework.pages.POMFactory.homePage(POMFactory.java:15)
	at tek.sdet.framework.pages.POMFactory.homePage(POMFactory.java:15)
	at tek.sdet.framework.pages.POMFactory.homePage(POMFactory.java:15)
	at tek.sdet.framework.pages.POMFactory.homePage(POMFactory.java:15)
	at tek.sdet.framework.pages.POMFactory.homePage(POMFactory.java:15)
	at tek.sdet.framework.pages.POMFactory.homePage(POMFactory.java:15)
	at tek.sdet.framework.pages.POMFactory.homePage(POMFactory.java:15)
	at tek.sdet.framework.pages.POMFactory.homePage(POMFactory.java:15)
	at tek.sdet.framework.pages.POMFactory.homePage(POMFactory.java:15)
	at tek.sdet.framework.pages.POMFactory.homePage(POMFactory.java:15)
	at tek.sdet.framework.pages.POMFactory.homePage(POMFactory.java:15)
	at tek.sdet.framework.pages.POMFactory.homePage(POMFactory.java:15)
	at tek.sdet.framework.pages.POMFactory.homePage(POMFactory.java:15)
	at tek.sdet.framework.pages.POMFactory.homePage(POMFactory.java:15)
	at tek.sdet.framework.pages.POMFactory.homePage(POMFactory.java:15)
	at tek.sdet.framework.pages.POMFactory.homePage(POMFactory.java:15)
	at tek.sdet.framework.pages.POMFactory.homePage(POMFactory.java:15)
	at tek.sdet.framework.pages.POMFactory.homePage(POMFactory.java:15)
	at tek.sdet.framework.pages.POMFactory.homePage(POMFactory.java:15)
	at tek.sdet.framework.pages.POMFactory.homePage(POMFactory.java:15)
	at tek.sdet.framework.pages.POMFactory.homePage(POMFactory.java:15)
	at tek.sdet.framework.pages.POMFactory.homePage(POMFactory.java:15)
	at tek.sdet.framework.pages.POMFactory.homePage(POMFactory.java:15)
	at tek.sdet.framework.pages.POMFactory.homePage(POMFactory.java:15)
	at tek.sdet.framework.pages.POMFactory.homePage(POMFactory.java:15)
	at tek.sdet.framework.pages.POMFactory.homePage(POMFactory.java:15)
	at tek.sdet.framework.pages.POMFactory.homePage(POMFactory.java:15)
	at tek.sdet.framework.pages.POMFactory.homePage(POMFactory.java:15)
	at tek.sdet.framework.pages.POMFactory.homePage(POMFactory.java:15)
	at tek.sdet.framework.pages.POMFactory.homePage(POMFactory.java:15)
	at tek.sdet.framework.pages.POMFactory.homePage(POMFactory.java:15)
	at tek.sdet.framework.pages.POMFactory.homePage(POMFactory.java:15)
	at tek.sdet.framework.pages.POMFactory.homePage(POMFactory.java:15)
	at tek.sdet.framework.pages.POMFactory.homePage(POMFactory.java:15)
	at tek.sdet.framework.pages.POMFactory.homePage(POMFactory.java:15)
	at tek.sdet.framework.pages.POMFactory.homePage(POMFactory.java:15)
	at tek.sdet.framework.pages.POMFactory.homePage(POMFactory.java:15)
	at tek.sdet.framework.pages.POMFactory.homePage(POMFactory.java:15)
	at tek.sdet.framework.pages.POMFactory.homePage(POMFactory.java:15)
	at tek.sdet.framework.pages.POMFactory.homePage(POMFactory.java:15)
	at tek.sdet.framework.pages.POMFactory.homePage(POMFactory.java:15)
	at tek.sdet.framework.pages.POMFactory.homePage(POMFactory.java:15)
	at tek.sdet.framework.pages.POMFactory.homePage(POMFactory.java:15)
	at tek.sdet.framework.pages.POMFactory.homePage(POMFactory.java:15)
	at tek.sdet.framework.pages.POMFactory.homePage(POMFactory.java:15)
	at tek.sdet.framework.pages.POMFactory.homePage(POMFactory.java:15)
	at tek.sdet.framework.pages.POMFactory.homePage(POMFactory.java:15)
	at tek.sdet.framework.pages.POMFactory.homePage(POMFactory.java:15)
	at tek.sdet.framework.pages.POMFactory.homePage(POMFactory.java:15)
	at tek.sdet.framework.pages.POMFactory.homePage(POMFactory.java:15)
	at tek.sdet.framework.pages.POMFactory.homePage(POMFactory.java:15)
	at tek.sdet.framework.pages.POMFactory.homePage(POMFactory.java:15)
	at tek.sdet.framework.pages.POMFactory.homePage(POMFactory.java:15)
	at tek.sdet.framework.pages.POMFactory.homePage(POMFactory.java:15)
	at tek.sdet.framework.pages.POMFactory.homePage(POMFactory.java:15)
	at tek.sdet.framework.pages.POMFactory.homePage(POMFactory.java:15)
	at tek.sdet.framework.pages.POMFactory.homePage(POMFactory.java:15)
	at tek.sdet.framework.pages.POMFactory.homePage(POMFactory.java:15)
	at tek.sdet.framework.pages.POMFactory.homePage(POMFactory.java:15)
	at tek.sdet.framework.pages.POMFactory.homePage(POMFactory.java:15)
	at tek.sdet.framework.pages.POMFactory.homePage(POMFactory.java:15)
	at tek.sdet.framework.pages.POMFactory.homePage(POMFactory.java:15)
	at tek.sdet.framework.pages.POMFactory.homePage(POMFactory.java:15)
	at tek.sdet.framework.pages.POMFactory.homePage(POMFactory.java:15)
	at tek.sdet.framework.pages.POMFactory.homePage(POMFactory.java:15)
	at tek.sdet.framework.pages.POMFactory.homePage(POMFactory.java:15)
	at tek.sdet.framework.pages.POMFactory.homePage(POMFactory.java:15)
	at tek.sdet.framework.pages.POMFactory.homePage(POMFactory.java:15)
	at tek.sdet.framework.pages.POMFactory.homePage(POMFactory.java:15)
	at tek.sdet.framework.pages.POMFactory.homePage(POMFactory.java:15)
	at tek.sdet.framework.pages.POMFactory.homePage(POMFactory.java:15)
	at tek.sdet.framework.pages.POMFactory.homePage(POMFactory.java:15)
	at tek.sdet.framework.pages.POMFactory.homePage(POMFactory.java:15)
	at tek.sdet.framework.pages.POMFactory.homePage(POMFactory.java:15)
	at tek.sdet.framework.pages.POMFactory.homePage(POMFactory.java:15)
	at tek.sdet.framework.pages.POMFactory.homePage(POMFactory.java:15)
	at tek.sdet.framework.pages.POMFactory.homePage(POMFactory.java:15)
	at tek.sdet.framework.pages.POMFactory.homePage(POMFactory.java:15)
	at tek.sdet.framework.pages.POMFactory.homePage(POMFactory.java:15)
	at tek.sdet.framework.pages.POMFactory.homePage(POMFactory.java:15)
	at tek.sdet.framework.pages.POMFactory.homePage(POMFactory.java:15)
	at tek.sdet.framework.pages.POMFactory.homePage(POMFactory.java:15)
	at tek.sdet.framework.pages.POMFactory.homePage(POMFactory.java:15)
	at tek.sdet.framework.pages.POMFactory.homePage(POMFactory.java:15)
	at tek.sdet.framework.pages.POMFactory.homePage(POMFactory.java:15)
	at tek.sdet.framework.pages.POMFactory.homePage(POMFactory.java:15)
	at tek.sdet.framework.pages.POMFactory.homePage(POMFactory.java:15)
	at tek.sdet.framework.pages.POMFactory.homePage(POMFactory.java:15)
	at tek.sdet.framework.pages.POMFactory.homePage(POMFactory.java:15)
	at tek.sdet.framework.pages.POMFactory.homePage(POMFactory.java:15)
	at tek.sdet.framework.pages.POMFactory.homePage(POMFactory.java:15)
	at tek.sdet.framework.pages.POMFactory.homePage(POMFactory.java:15)
	at tek.sdet.framework.pages.POMFactory.homePage(POMFactory.java:15)
	at tek.sdet.framework.pages.POMFactory.homePage(POMFactory.java:15)
	at tek.sdet.framework.pages.POMFactory.homePage(POMFactory.java:15)
	at tek.sdet.framework.pages.POMFactory.homePage(POMFactory.java:15)
	at tek.sdet.framework.pages.POMFactory.homePage(POMFactory.java:15)
	at tek.sdet.framework.pages.POMFactory.homePage(POMFactory.java:15)
	at tek.sdet.framework.pages.POMFactory.homePage(POMFactory.java:15)
	at tek.sdet.framework.pages.POMFactory.homePage(POMFactory.java:15)
	at tek.sdet.framework.pages.POMFactory.homePage(POMFactory.java:15)
	at tek.sdet.framework.pages.POMFactory.homePage(POMFactory.java:15)
	at tek.sdet.framework.pages.POMFactory.homePage(POMFactory.java:15)
	at tek.sdet.framework.pages.POMFactory.homePage(POMFactory.java:15)
	at tek.sdet.framework.pages.POMFactory.homePage(POMFactory.java:15)
	at tek.sdet.framework.pages.POMFactory.homePage(POMFactory.java:15)
	at tek.sdet.framework.pages.POMFactory.homePage(POMFactory.java:15)
	at tek.sdet.framework.pages.POMFactory.homePage(POMFactory.java:15)
	at tek.sdet.framework.pages.POMFactory.homePage(POMFactory.java:15)
	at tek.sdet.framework.pages.POMFactory.homePage(POMFactory.java:15)
	at tek.sdet.framework.pages.POMFactory.homePage(POMFactory.java:15)
	at tek.sdet.framework.pages.POMFactory.homePage(POMFactory.java:15)
	at tek.sdet.framework.pages.POMFactory.homePage(POMFactory.java:15)
	at tek.sdet.framework.pages.POMFactory.homePage(POMFactory.java:15)
	at tek.sdet.framework.pages.POMFactory.homePage(POMFactory.java:15)
	at tek.sdet.framework.pages.POMFactory.homePage(POMFactory.java:15)
	at tek.sdet.framework.pages.POMFactory.homePage(POMFactory.java:15)
	at tek.sdet.framework.pages.POMFactory.homePage(POMFactory.java:15)
	at tek.sdet.framework.pages.POMFactory.homePage(POMFactory.java:15)
	at tek.sdet.framework.pages.POMFactory.homePage(POMFactory.java:15)
	at tek.sdet.framework.pages.POMFactory.homePage(POMFactory.java:15)
	at tek.sdet.framework.pages.POMFactory.homePage(POMFactory.java:15)
	at tek.sdet.framework.pages.POMFactory.homePage(POMFactory.java:15)
	at tek.sdet.framework.pages.POMFactory.homePage(POMFactory.java:15)
	at tek.sdet.framework.pages.POMFactory.homePage(POMFactory.java:15)
	at tek.sdet.framework.pages.POMFactory.homePage(POMFactory.java:15)
	at tek.sdet.framework.pages.POMFactory.homePage(POMFactory.java:15)
	at tek.sdet.framework.pages.POMFactory.homePage(POMFactory.java:15)
	at tek.sdet.framework.pages.POMFactory.homePage(POMFactory.java:15)
	at tek.sdet.framework.pages.POMFactory.homePage(POMFactory.java:15)
	at tek.sdet.framework.pages.POMFactory.homePage(POMFactory.java:15)
	at tek.sdet.framework.pages.POMFactory.homePage(POMFactory.java:15)
	at tek.sdet.framework.pages.POMFactory.homePage(POMFactory.java:15)
	at tek.sdet.framework.pages.POMFactory.homePage(POMFactory.java:15)
	at tek.sdet.framework.pages.POMFactory.homePage(POMFactory.java:15)
	at tek.sdet.framework.pages.POMFactory.homePage(POMFactory.java:15)
	at tek.sdet.framework.pages.POMFactory.homePage(POMFactory.java:15)
	at tek.sdet.framework.pages.POMFactory.homePage(POMFactory.java:15)
	at tek.sdet.framework.pages.POMFactory.homePage(POMFactory.java:15)
	at tek.sdet.framework.pages.POMFactory.homePage(POMFactory.java:15)
	at tek.sdet.framework.pages.POMFactory.homePage(POMFactory.java:15)
	at tek.sdet.framework.pages.POMFactory.homePage(POMFactory.java:15)
	at tek.sdet.framework.pages.POMFactory.homePage(POMFactory.java:15)
	at tek.sdet.framework.pages.POMFactory.homePage(POMFactory.java:15)
	at tek.sdet.framework.pages.POMFactory.homePage(POMFactory.java:15)
	at tek.sdet.framework.pages.POMFactory.homePage(POMFactory.java:15)
	at tek.sdet.framework.pages.POMFactory.homePage(POMFactory.java:15)
	at tek.sdet.framework.pages.POMFactory.homePage(POMFactory.java:15)
	at tek.sdet.framework.pages.POMFactory.homePage(POMFactory.java:15)
	at tek.sdet.framework.pages.POMFactory.homePage(POMFactory.java:15)
	at tek.sdet.framework.pages.POMFactory.homePage(POMFactory.java:15)
	at tek.sdet.framework.pages.POMFactory.homePage(POMFactory.java:15)
	at tek.sdet.framework.pages.POMFactory.homePage(POMFactory.java:15)
	at tek.sdet.framework.pages.POMFactory.homePage(POMFactory.java:15)
	at tek.sdet.framework.pages.POMFactory.homePage(POMFactory.java:15)
	at tek.sdet.framework.pages.POMFactory.homePage(POMFactory.java:15)
	at tek.sdet.framework.pages.POMFactory.homePage(POMFactory.java:15)
	at tek.sdet.framework.pages.POMFactory.homePage(POMFactory.java:15)
	at tek.sdet.framework.pages.POMFactory.homePage(POMFactory.java:15)
	at tek.sdet.framework.pages.POMFactory.homePage(POMFactory.java:15)
	at tek.sdet.framework.pages.POMFactory.homePage(POMFactory.java:15)
	at tek.sdet.framework.pages.POMFactory.homePage(POMFactory.java:15)
	at tek.sdet.framework.pages.POMFactory.homePage(POMFactory.java:15)
	at tek.sdet.framework.pages.POMFactory.homePage(POMFactory.java:15)
	at tek.sdet.framework.pages.POMFactory.homePage(POMFactory.java:15)
	at tek.sdet.framework.pages.POMFactory.homePage(POMFactory.java:15)
	at tek.sdet.framework.pages.POMFactory.homePage(POMFactory.java:15)
	at tek.sdet.framework.pages.POMFactory.homePage(POMFactory.java:15)
	at tek.sdet.framework.pages.POMFactory.homePage(POMFactory.java:15)
	at tek.sdet.framework.pages.POMFactory.homePage(POMFactory.java:15)
	at tek.sdet.framework.pages.POMFactory.homePage(POMFactory.java:15)
	at tek.sdet.framework.pages.POMFactory.homePage(POMFactory.java:15)
	at tek.sdet.framework.pages.POMFactory.homePage(POMFactory.java:15)
	at tek.sdet.framework.pages.POMFactory.homePage(POMFactory.java:15)
	at tek.sdet.framework.pages.POMFactory.homePage(POMFactory.java:15)
	at tek.sdet.framework.pages.POMFactory.homePage(POMFactory.java:15)
	at tek.sdet.framework.pages.POMFactory.homePage(POMFactory.java:15)
	at tek.sdet.framework.pages.POMFactory.homePage(POMFactory.java:15)
	at tek.sdet.framework.pages.POMFactory.homePage(POMFactory.java:15)
	at tek.sdet.framework.pages.POMFactory.homePage(POMFactory.java:15)
	at tek.sdet.framework.pages.POMFactory.homePage(POMFactory.java:15)
	at tek.sdet.framework.pages.POMFactory.homePage(POMFactory.java:15)
	at tek.sdet.framework.pages.POMFactory.homePage(POMFactory.java:15)
	at tek.sdet.framework.pages.POMFactory.homePage(POMFactory.java:15)
	at tek.sdet.framework.pages.POMFactory.homePage(POMFactory.java:15)
	at tek.sdet.framework.pages.POMFactory.homePage(POMFactory.java:15)
	at tek.sdet.framework.pages.POMFactory.homePage(POMFactory.java:15)
	at tek.sdet.framework.pages.POMFactory.homePage(POMFactory.java:15)
	at tek.sdet.framework.pages.POMFactory.homePage(POMFactory.java:15)
	at tek.sdet.framework.pages.POMFactory.homePage(POMFactory.java:15)
	at tek.sdet.framework.pages.POMFactory.homePage(POMFactory.java:15)
	at tek.sdet.framework.pages.POMFactory.homePage(POMFactory.java:15)
	at tek.sdet.framework.pages.POMFactory.homePage(POMFactory.java:15)
	at tek.sdet.framework.pages.POMFactory.homePage(POMFactory.java:15)
	at tek.sdet.framework.pages.POMFactory.homePage(POMFactory.java:15)
	at tek.sdet.framework.pages.POMFactory.homePage(POMFactory.java:15)
	at tek.sdet.framework.pages.POMFactory.homePage(POMFactory.java:15)
	at tek.sdet.framework.pages.POMFactory.homePage(POMFactory.java:15)
	at tek.sdet.framework.pages.POMFactory.homePage(POMFactory.java:15)
	at tek.sdet.framework.pages.POMFactory.homePage(POMFactory.java:15)
	at tek.sdet.framework.pages.POMFactory.homePage(POMFactory.java:15)
	at tek.sdet.framework.pages.POMFactory.homePage(POMFactory.java:15)
	at tek.sdet.framework.pages.POMFactory.homePage(POMFactory.java:15)
	at tek.sdet.framework.pages.POMFactory.homePage(POMFactory.java:15)
	at tek.sdet.framework.pages.POMFactory.homePage(POMFactory.java:15)
	at tek.sdet.framework.pages.POMFactory.homePage(POMFactory.java:15)
	at tek.sdet.framework.pages.POMFactory.homePage(POMFactory.java:15)
	at tek.sdet.framework.pages.POMFactory.homePage(POMFactory.java:15)
	at tek.sdet.framework.pages.POMFactory.homePage(POMFactory.java:15)
	at tek.sdet.framework.pages.POMFactory.homePage(POMFactory.java:15)
	at tek.sdet.framework.pages.POMFactory.homePage(POMFactory.java:15)
	at tek.sdet.framework.pages.POMFactory.homePage(POMFactory.java:15)
	at tek.sdet.framework.pages.POMFactory.homePage(POMFactory.java:15)
	at tek.sdet.framework.pages.POMFactory.homePage(POMFactory.java:15)
	at tek.sdet.framework.pages.POMFactory.homePage(POMFactory.java:15)
	at tek.sdet.framework.pages.POMFactory.homePage(POMFactory.java:15)
	at tek.sdet.framework.pages.POMFactory.homePage(POMFactory.java:15)
	at tek.sdet.framework.pages.POMFactory.homePage(POMFactory.java:15)
	at tek.sdet.framework.pages.POMFactory.homePage(POMFactory.java:15)
	at tek.sdet.framework.pages.POMFactory.homePage(POMFactory.java:15)
	at tek.sdet.framework.pages.POMFactory.homePage(POMFactory.java:15)
	at tek.sdet.framework.pages.POMFactory.homePage(POMFactory.java:15)
	at tek.sdet.framework.pages.POMFactory.homePage(POMFactory.java:15)
	at tek.sdet.framework.pages.POMFactory.homePage(POMFactory.java:15)
	at tek.sdet.framework.pages.POMFactory.homePage(POMFactory.java:15)
	at tek.sdet.framework.pages.POMFactory.homePage(POMFactory.java:15)
	at tek.sdet.framework.pages.POMFactory.homePage(POMFactory.java:15)
	at tek.sdet.framework.pages.POMFactory.homePage(POMFactory.java:15)
	at tek.sdet.framework.pages.POMFactory.homePage(POMFactory.java:15)
	at tek.sdet.framework.pages.POMFactory.homePage(POMFactory.java:15)
	at tek.sdet.framework.pages.POMFactory.homePage(POMFactory.java:15)
	at tek.sdet.framework.pages.POMFactory.homePage(POMFactory.java:15)
	at tek.sdet.framework.pages.POMFactory.homePage(POMFactory.java:15)
	at tek.sdet.framework.pages.POMFactory.homePage(POMFactory.java:15)
	at tek.sdet.framework.pages.POMFactory.homePage(POMFactory.java:15)
	at tek.sdet.framework.pages.POMFactory.homePage(POMFactory.java:15)
	at tek.sdet.framework.pages.POMFactory.homePage(POMFactory.java:15)
	at tek.sdet.framework.pages.POMFactory.homePage(POMFactory.java:15)
	at tek.sdet.framework.pages.POMFactory.homePage(POMFactory.java:15)
	at tek.sdet.framework.pages.POMFactory.homePage(POMFactory.java:15)
	at tek.sdet.framework.pages.POMFactory.homePage(POMFactory.java:15)
	at tek.sdet.framework.pages.POMFactory.homePage(POMFactory.java:15)
	at tek.sdet.framework.pages.POMFactory.homePage(POMFactory.java:15)
	at tek.sdet.framework.pages.POMFactory.homePage(POMFactory.java:15)
	at tek.sdet.framework.pages.POMFactory.homePage(POMFactory.java:15)
	at tek.sdet.framework.pages.POMFactory.homePage(POMFactory.java:15)
	at tek.sdet.framework.pages.POMFactory.homePage(POMFactory.java:15)
	at tek.sdet.framework.pages.POMFactory.homePage(POMFactory.java:15)
	at tek.sdet.framework.pages.POMFactory.homePage(POMFactory.java:15)
	at tek.sdet.framework.pages.POMFactory.homePage(POMFactory.java:15)
	at tek.sdet.framework.pages.POMFactory.homePage(POMFactory.java:15)
	at tek.sdet.framework.pages.POMFactory.homePage(POMFactory.java:15)
	at tek.sdet.framework.pages.POMFactory.homePage(POMFactory.java:15)
	at tek.sdet.framework.pages.POMFactory.homePage(POMFactory.java:15)
	at tek.sdet.framework.pages.POMFactory.homePage(POMFactory.java:15)
	at tek.sdet.framework.pages.POMFactory.homePage(POMFactory.java:15)
	at tek.sdet.framework.pages.POMFactory.homePage(POMFactory.java:15)
	at tek.sdet.framework.pages.POMFactory.homePage(POMFactory.java:15)
	at tek.sdet.framework.pages.POMFactory.homePage(POMFactory.java:15)
	at tek.sdet.framework.pages.POMFactory.homePage(POMFactory.java:15)
	at tek.sdet.framework.pages.POMFactory.homePage(POMFactory.java:15)
	at tek.sdet.framework.pages.POMFactory.homePage(POMFactory.java:15)
	at tek.sdet.framework.pages.POMFactory.homePage(POMFactory.java:15)
	at tek.sdet.framework.pages.POMFactory.homePage(POMFactory.java:15)
	at tek.sdet.framework.pages.POMFactory.homePage(POMFactory.java:15)
	at tek.sdet.framework.pages.POMFactory.homePage(POMFactory.java:15)
	at tek.sdet.framework.pages.POMFactory.homePage(POMFactory.java:15)
	at tek.sdet.framework.pages.POMFactory.homePage(POMFactory.java:15)
	at tek.sdet.framework.pages.POMFactory.homePage(POMFactory.java:15)
	at tek.sdet.framework.pages.POMFactory.homePage(POMFactory.java:15)
	at tek.sdet.framework.pages.POMFactory.homePage(POMFactory.java:15)
	at tek.sdet.framework.pages.POMFactory.homePage(POMFactory.java:15)
	at tek.sdet.framework.pages.POMFactory.homePage(POMFactory.java:15)
	at tek.sdet.framework.pages.POMFactory.homePage(POMFactory.java:15)
	at tek.sdet.framework.pages.POMFactory.homePage(POMFactory.java:15)
	at tek.sdet.framework.pages.POMFactory.homePage(POMFactory.java:15)
	at tek.sdet.framework.pages.POMFactory.homePage(POMFactory.java:15)
	at tek.sdet.framework.pages.POMFactory.homePage(POMFactory.java:15)
	at tek.sdet.framework.pages.POMFactory.homePage(POMFactory.java:15)
	at tek.sdet.framework.pages.POMFactory.homePage(POMFactory.java:15)
	at tek.sdet.framework.pages.POMFactory.homePage(POMFactory.java:15)
	at tek.sdet.framework.pages.POMFactory.homePage(POMFactory.java:15)
	at tek.sdet.framework.pages.POMFactory.homePage(POMFactory.java:15)
	at tek.sdet.framework.pages.POMFactory.homePage(POMFactory.java:15)
	at tek.sdet.framework.pages.POMFactory.homePage(POMFactory.java:15)
	at tek.sdet.framework.pages.POMFactory.homePage(POMFactory.java:15)
	at tek.sdet.framework.pages.POMFactory.homePage(POMFactory.java:15)
	at tek.sdet.framework.pages.POMFactory.homePage(POMFactory.java:15)
	at tek.sdet.framework.pages.POMFactory.homePage(POMFactory.java:15)
	at tek.sdet.framework.pages.POMFactory.homePage(POMFactory.java:15)
	at tek.sdet.framework.pages.POMFactory.homePage(POMFactory.java:15)
	at tek.sdet.framework.pages.POMFactory.homePage(POMFactory.java:15)
	at tek.sdet.framework.pages.POMFactory.homePage(POMFactory.java:15)
	at tek.sdet.framework.pages.POMFactory.homePage(POMFactory.java:15)
	at tek.sdet.framework.pages.POMFactory.homePage(POMFactory.java:15)
	at tek.sdet.framework.pages.POMFactory.homePage(POMFactory.java:15)
	at tek.sdet.framework.pages.POMFactory.homePage(POMFactory.java:15)
	at tek.sdet.framework.pages.POMFactory.homePage(POMFactory.java:15)
	at tek.sdet.framework.pages.POMFactory.homePage(POMFactory.java:15)
	at tek.sdet.framework.pages.POMFactory.homePage(POMFactory.java:15)
	at tek.sdet.framework.pages.POMFactory.homePage(POMFactory.java:15)
	at tek.sdet.framework.pages.POMFactory.homePage(POMFactory.java:15)
	at tek.sdet.framework.pages.POMFactory.homePage(POMFactory.java:15)
	at tek.sdet.framework.pages.POMFactory.homePage(POMFactory.java:15)
	at tek.sdet.framework.pages.POMFactory.homePage(POMFactory.java:15)
	at tek.sdet.framework.pages.POMFactory.homePage(POMFactory.java:15)
	at tek.sdet.framework.pages.POMFactory.homePage(POMFactory.java:15)
	at tek.sdet.framework.pages.POMFactory.homePage(POMFactory.java:15)
	at tek.sdet.framework.pages.POMFactory.homePage(POMFactory.java:15)
	at tek.sdet.framework.pages.POMFactory.homePage(POMFactory.java:15)
	at tek.sdet.framework.pages.POMFactory.homePage(POMFactory.java:15)
	at tek.sdet.framework.pages.POMFactory.homePage(POMFactory.java:15)
	at tek.sdet.framework.pages.POMFactory.homePage(POMFactory.java:15)
	at tek.sdet.framework.pages.POMFactory.homePage(POMFactory.java:15)
	at tek.sdet.framework.pages.POMFactory.homePage(POMFactory.java:15)
	at tek.sdet.framework.pages.POMFactory.homePage(POMFactory.java:15)
	at tek.sdet.framework.pages.POMFactory.homePage(POMFactory.java:15)
	at tek.sdet.framework.pages.POMFactory.homePage(POMFactory.java:15)
	at tek.sdet.framework.pages.POMFactory.homePage(POMFactory.java:15)
	at tek.sdet.framework.pages.POMFactory.homePage(POMFactory.java:15)
	at tek.sdet.framework.pages.POMFactory.homePage(POMFactory.java:15)
	at tek.sdet.framework.pages.POMFactory.homePage(POMFactory.java:15)
	at tek.sdet.framework.pages.POMFactory.homePage(POMFactory.java:15)
	at tek.sdet.framework.pages.POMFactory.homePage(POMFactory.java:15)
	at tek.sdet.framework.pages.POMFactory.homePage(POMFactory.java:15)
	at tek.sdet.framework.pages.POMFactory.homePage(POMFactory.java:15)
	at tek.sdet.framework.pages.POMFactory.homePage(POMFactory.java:15)
	at tek.sdet.framework.pages.POMFactory.homePage(POMFactory.java:15)
	at tek.sdet.framework.pages.POMFactory.homePage(POMFactory.java:15)
	at tek.sdet.framework.pages.POMFactory.homePage(POMFactory.java:15)
	at tek.sdet.framework.pages.POMFactory.homePage(POMFactory.java:15)
	at tek.sdet.framework.pages.POMFactory.homePage(POMFactory.java:15)
	at tek.sdet.framework.pages.POMFactory.homePage(POMFactory.java:15)
	at tek.sdet.framework.pages.POMFactory.homePage(POMFactory.java:15)
	at tek.sdet.framework.pages.POMFactory.homePage(POMFactory.java:15)
	at tek.sdet.framework.pages.POMFactory.homePage(POMFactory.java:15)
	at tek.sdet.framework.pages.POMFactory.homePage(POMFactory.java:15)
	at tek.sdet.framework.pages.POMFactory.homePage(POMFactory.java:15)
	at tek.sdet.framework.pages.POMFactory.homePage(POMFactory.java:15)
	at tek.sdet.framework.pages.POMFactory.homePage(POMFactory.java:15)
	at tek.sdet.framework.pages.POMFactory.homePage(POMFactory.java:15)
	at tek.sdet.framework.pages.POMFactory.homePage(POMFactory.java:15)
	at tek.sdet.framework.pages.POMFactory.homePage(POMFactory.java:15)
	at tek.sdet.framework.pages.POMFactory.homePage(POMFactory.java:15)
	at tek.sdet.framework.pages.POMFactory.homePage(POMFactory.java:15)
	at tek.sdet.framework.pages.POMFactory.homePage(POMFactory.java:15)
	at tek.sdet.framework.pages.POMFactory.homePage(POMFactory.java:15)
	at tek.sdet.framework.pages.POMFactory.homePage(POMFactory.java:15)
	at tek.sdet.framework.pages.POMFactory.homePage(POMFactory.java:15)
	at tek.sdet.framework.pages.POMFactory.homePage(POMFactory.java:15)
	at tek.sdet.framework.pages.POMFactory.homePage(POMFactory.java:15)
	at tek.sdet.framework.pages.POMFactory.homePage(POMFactory.java:15)
	at tek.sdet.framework.pages.POMFactory.homePage(POMFactory.java:15)
	at tek.sdet.framework.pages.POMFactory.homePage(POMFactory.java:15)
	at tek.sdet.framework.pages.POMFactory.homePage(POMFactory.java:15)
	at tek.sdet.framework.pages.POMFactory.homePage(POMFactory.java:15)
	at tek.sdet.framework.pages.POMFactory.homePage(POMFactory.java:15)
	at tek.sdet.framework.pages.POMFactory.homePage(POMFactory.java:15)
	at tek.sdet.framework.pages.POMFactory.homePage(POMFactory.java:15)
	at tek.sdet.framework.pages.POMFactory.homePage(POMFactory.java:15)
	at tek.sdet.framework.pages.POMFactory.homePage(POMFactory.java:15)
	at tek.sdet.framework.pages.POMFactory.homePage(POMFactory.java:15)
	at tek.sdet.framework.pages.POMFactory.homePage(POMFactory.java:15)
	at tek.sdet.framework.pages.POMFactory.homePage(POMFactory.java:15)
	at tek.sdet.framework.pages.POMFactory.homePage(POMFactory.java:15)
	at tek.sdet.framework.pages.POMFactory.homePage(POMFactory.java:15)
	at tek.sdet.framework.pages.POMFactory.homePage(POMFactory.java:15)
	at tek.sdet.framework.pages.POMFactory.homePage(POMFactory.java:15)
	at tek.sdet.framework.pages.POMFactory.homePage(POMFactory.java:15)
	at tek.sdet.framework.pages.POMFactory.homePage(POMFactory.java:15)
	at tek.sdet.framework.pages.POMFactory.homePage(POMFactory.java:15)
	at tek.sdet.framework.pages.POMFactory.homePage(POMFactory.java:15)
	at tek.sdet.framework.pages.POMFactory.homePage(POMFactory.java:15)
	at tek.sdet.framework.pages.POMFactory.homePage(POMFactory.java:15)
	at tek.sdet.framework.pages.POMFactory.homePage(POMFactory.java:15)
	at tek.sdet.framework.pages.POMFactory.homePage(POMFactory.java:15)
	at tek.sdet.framework.pages.POMFactory.homePage(POMFactory.java:15)
	at tek.sdet.framework.pages.POMFactory.homePage(POMFactory.java:15)
	at tek.sdet.framework.pages.POMFactory.homePage(POMFactory.java:15)
	at tek.sdet.framework.pages.POMFactory.homePage(POMFactory.java:15)
	at tek.sdet.framework.pages.POMFactory.homePage(POMFactory.java:15)
	at tek.sdet.framework.pages.POMFactory.homePage(POMFactory.java:15)
	at tek.sdet.framework.pages.POMFactory.homePage(POMFactory.java:15)
	at tek.sdet.framework.pages.POMFactory.homePage(POMFactory.java:15)
	at tek.sdet.framework.pages.POMFactory.homePage(POMFactory.java:15)
	at tek.sdet.framework.pages.POMFactory.homePage(POMFactory.java:15)
	at tek.sdet.framework.pages.POMFactory.homePage(POMFactory.java:15)
	at tek.sdet.framework.pages.POMFactory.homePage(POMFactory.java:15)
	at tek.sdet.framework.pages.POMFactory.homePage(POMFactory.java:15)
	at tek.sdet.framework.pages.POMFactory.homePage(POMFactory.java:15)
	at tek.sdet.framework.pages.POMFactory.homePage(POMFactory.java:15)
	at tek.sdet.framework.pages.POMFactory.homePage(POMFactory.java:15)
	at tek.sdet.framework.pages.POMFactory.homePage(POMFactory.java:15)
	at tek.sdet.framework.pages.POMFactory.homePage(POMFactory.java:15)
	at tek.sdet.framework.pages.POMFactory.homePage(POMFactory.java:15)
	at tek.sdet.framework.pages.POMFactory.homePage(POMFactory.java:15)
	at tek.sdet.framework.pages.POMFactory.homePage(POMFactory.java:15)
	at tek.sdet.framework.pages.POMFactory.homePage(POMFactory.java:15)
	at tek.sdet.framework.pages.POMFactory.homePage(POMFactory.java:15)
	at tek.sdet.framework.pages.POMFactory.homePage(POMFactory.java:15)
	at tek.sdet.framework.pages.POMFactory.homePage(POMFactory.java:15)
	at tek.sdet.framework.pages.POMFactory.homePage(POMFactory.java:15)
	at tek.sdet.framework.pages.POMFactory.homePage(POMFactory.java:15)
	at tek.sdet.framework.pages.POMFactory.homePage(POMFactory.java:15)
	at tek.sdet.framework.pages.POMFactory.homePage(POMFactory.java:15)
	at tek.sdet.framework.pages.POMFactory.homePage(POMFactory.java:15)
	at tek.sdet.framework.pages.POMFactory.homePage(POMFactory.java:15)
	at tek.sdet.framework.pages.POMFactory.homePage(POMFactory.java:15)
	at tek.sdet.framework.pages.POMFactory.homePage(POMFactory.java:15)
	at tek.sdet.framework.pages.POMFactory.homePage(POMFactory.java:15)
	at tek.sdet.framework.pages.POMFactory.homePage(POMFactory.java:15)
	at tek.sdet.framework.pages.POMFactory.homePage(POMFactory.java:15)
	at tek.sdet.framework.pages.POMFactory.homePage(POMFactory.java:15)
	at tek.sdet.framework.pages.POMFactory.homePage(POMFactory.java:15)
	at tek.sdet.framework.pages.POMFactory.homePage(POMFactory.java:15)
	at tek.sdet.framework.pages.POMFactory.homePage(POMFactory.java:15)
	at tek.sdet.framework.pages.POMFactory.homePage(POMFactory.java:15)
	at tek.sdet.framework.pages.POMFactory.homePage(POMFactory.java:15)
	at tek.sdet.framework.pages.POMFactory.homePage(POMFactory.java:15)
	at tek.sdet.framework.pages.POMFactory.homePage(POMFactory.java:15)
	at tek.sdet.framework.pages.POMFactory.homePage(POMFactory.java:15)
	at tek.sdet.framework.pages.POMFactory.homePage(POMFactory.java:15)
	at tek.sdet.framework.pages.POMFactory.homePage(POMFactory.java:15)
	at tek.sdet.framework.pages.POMFactory.homePage(POMFactory.java:15)
	at tek.sdet.framework.pages.POMFactory.homePage(POMFactory.java:15)
	at tek.sdet.framework.pages.POMFactory.homePage(POMFactory.java:15)
	at tek.sdet.framework.pages.POMFactory.homePage(POMFactory.java:15)
	at tek.sdet.framework.pages.POMFactory.homePage(POMFactory.java:15)
	at tek.sdet.framework.pages.POMFactory.homePage(POMFactory.java:15)
	at tek.sdet.framework.pages.POMFactory.homePage(POMFactory.java:15)
	at tek.sdet.framework.pages.POMFactory.homePage(POMFactory.java:15)
	at tek.sdet.framework.pages.POMFactory.homePage(POMFactory.java:15)
	at tek.sdet.framework.pages.POMFactory.homePage(POMFactory.java:15)
	at tek.sdet.framework.pages.POMFactory.homePage(POMFactory.java:15)
	at tek.sdet.framework.pages.POMFactory.homePage(POMFactory.java:15)
	at tek.sdet.framework.pages.POMFactory.homePage(POMFactory.java:15)
	at tek.sdet.framework.pages.POMFactory.homePage(POMFactory.java:15)
	at tek.sdet.framework.pages.POMFactory.homePage(POMFactory.java:15)
	at tek.sdet.framework.pages.POMFactory.homePage(POMFactory.java:15)
	at tek.sdet.framework.pages.POMFactory.homePage(POMFactory.java:15)
	at tek.sdet.framework.pages.POMFactory.homePage(POMFactory.java:15)
	at tek.sdet.framework.pages.POMFactory.homePage(POMFactory.java:15)
	at tek.sdet.framework.pages.POMFactory.homePage(POMFactory.java:15)
	at tek.sdet.framework.pages.POMFactory.homePage(POMFactory.java:15)
	at tek.sdet.framework.pages.POMFactory.homePage(POMFactory.java:15)
	at tek.sdet.framework.pages.POMFactory.homePage(POMFactory.java:15)
	at tek.sdet.framework.pages.POMFactory.homePage(POMFactory.java:15)
	at tek.sdet.framework.pages.POMFactory.homePage(POMFactory.java:15)
	at tek.sdet.framework.pages.POMFactory.homePage(POMFactory.java:15)
	at tek.sdet.framework.pages.POMFactory.homePage(POMFactory.java:15)
	at tek.sdet.framework.pages.POMFactory.homePage(POMFactory.java:15)
	at tek.sdet.framework.pages.POMFactory.homePage(POMFactory.java:15)
	at tek.sdet.framework.pages.POMFactory.homePage(POMFactory.java:15)
	at tek.sdet.framework.pages.POMFactory.homePage(POMFactory.java:15)
	at tek.sdet.framework.pages.POMFactory.homePage(POMFactory.java:15)
	at tek.sdet.framework.pages.POMFactory.homePage(POMFactory.java:15)
	at tek.sdet.framework.pages.POMFactory.homePage(POMFactory.java:15)
	at tek.sdet.framework.pages.POMFactory.homePage(POMFactory.java:15)
	at tek.sdet.framework.pages.POMFactory.homePage(POMFactory.java:15)
	at tek.sdet.framework.pages.POMFactory.homePage(POMFactory.java:15)
	at tek.sdet.framework.pages.POMFactory.homePage(POMFactory.java:15)
	at tek.sdet.framework.pages.POMFactory.homePage(POMFactory.java:15)
	at tek.sdet.framework.pages.POMFactory.homePage(POMFactory.java:15)
	at tek.sdet.framework.pages.POMFactory.homePage(POMFactory.java:15)
	at tek.sdet.framework.pages.POMFactory.homePage(POMFactory.java:15)
	at tek.sdet.framework.pages.POMFactory.homePage(POMFactory.java:15)
	at tek.sdet.framework.pages.POMFactory.homePage(POMFactory.java:15)
	at tek.sdet.framework.pages.POMFactory.homePage(POMFactory.java:15)
	at tek.sdet.framework.pages.POMFactory.homePage(POMFactory.java:15)
	at tek.sdet.framework.pages.POMFactory.homePage(POMFactory.java:15)
	at tek.sdet.framework.pages.POMFactory.homePage(POMFactory.java:15)
	at tek.sdet.framework.pages.POMFactory.homePage(POMFactory.java:15)
	at tek.sdet.framework.pages.POMFactory.homePage(POMFactory.java:15)
	at tek.sdet.framework.pages.POMFactory.homePage(POMFactory.java:15)
	at tek.sdet.framework.pages.POMFactory.homePage(POMFactory.java:15)
	at tek.sdet.framework.pages.POMFactory.homePage(POMFactory.java:15)
	at tek.sdet.framework.pages.POMFactory.homePage(POMFactory.java:15)
	at tek.sdet.framework.pages.POMFactory.homePage(POMFactory.java:15)
	at tek.sdet.framework.pages.POMFactory.homePage(POMFactory.java:15)
	at tek.sdet.framework.pages.POMFactory.homePage(POMFactory.java:15)
	at tek.sdet.framework.pages.POMFactory.homePage(POMFactory.java:15)
	at tek.sdet.framework.pages.POMFactory.homePage(POMFactory.java:15)
	at tek.sdet.framework.pages.POMFactory.homePage(POMFactory.java:15)
	at tek.sdet.framework.pages.POMFactory.homePage(POMFactory.java:15)
	at tek.sdet.framework.pages.POMFactory.homePage(POMFactory.java:15)
	at tek.sdet.framework.pages.POMFactory.homePage(POMFactory.java:15)
	at tek.sdet.framework.pages.POMFactory.homePage(POMFactory.java:15)
	at tek.sdet.framework.pages.POMFactory.homePage(POMFactory.java:15)
	at tek.sdet.framework.pages.POMFactory.homePage(POMFactory.java:15)
	at tek.sdet.framework.pages.POMFactory.homePage(POMFactory.java:15)
	at tek.sdet.framework.pages.POMFactory.homePage(POMFactory.java:15)
	at tek.sdet.framework.pages.POMFactory.homePage(POMFactory.java:15)
	at tek.sdet.framework.pages.POMFactory.homePage(POMFactory.java:15)
	at tek.sdet.framework.pages.POMFactory.homePage(POMFactory.java:15)
	at tek.sdet.framework.pages.POMFactory.homePage(POMFactory.java:15)
	at tek.sdet.framework.pages.POMFactory.homePage(POMFactory.java:15)
	at tek.sdet.framework.pages.POMFactory.homePage(POMFactory.java:15)
	at tek.sdet.framework.pages.POMFactory.homePage(POMFactory.java:15)
	at tek.sdet.framework.pages.POMFactory.homePage(POMFactory.java:15)
	at tek.sdet.framework.pages.POMFactory.homePage(POMFactory.java:15)
	at tek.sdet.framework.pages.POMFactory.homePage(POMFactory.java:15)
	at tek.sdet.framework.pages.POMFactory.homePage(POMFactory.java:15)
	at tek.sdet.framework.pages.POMFactory.homePage(POMFactory.java:15)
	at tek.sdet.framework.pages.POMFactory.homePage(POMFactory.java:15)
	at tek.sdet.framework.pages.POMFactory.homePage(POMFactory.java:15)
	at tek.sdet.framework.pages.POMFactory.homePage(POMFactory.java:15)
	at tek.sdet.framework.pages.POMFactory.homePage(POMFactory.java:15)
	at tek.sdet.framework.pages.POMFactory.homePage(POMFactory.java:15)
	at tek.sdet.framework.pages.POMFactory.homePage(POMFactory.java:15)
	at tek.sdet.framework.pages.POMFactory.homePage(POMFactory.java:15)
	at tek.sdet.framework.pages.POMFactory.homePage(POMFactory.java:15)
	at tek.sdet.framework.pages.POMFactory.homePage(POMFactory.java:15)
	at tek.sdet.framework.pages.POMFactory.homePage(POMFactory.java:15)
	at tek.sdet.framework.pages.POMFactory.homePage(POMFactory.java:15)
	at tek.sdet.framework.pages.POMFactory.homePage(POMFactory.java:15)
	at tek.sdet.framework.pages.POMFactory.homePage(POMFactory.java:15)
	at tek.sdet.framework.pages.POMFactory.homePage(POMFactory.java:15)
	at tek.sdet.framework.pages.POMFactory.homePage(POMFactory.java:15)
	at tek.sdet.framework.pages.POMFactory.homePage(POMFactory.java:15)
	at tek.sdet.framework.pages.POMFactory.homePage(POMFactory.java:15)
	at tek.sdet.framework.pages.POMFactory.homePage(POMFactory.java:15)
	at tek.sdet.framework.pages.POMFactory.homePage(POMFactory.java:15)
	at tek.sdet.framework.pages.POMFactory.homePage(POMFactory.java:15)
	at tek.sdet.framework.pages.POMFactory.homePage(POMFactory.java:15)
	at tek.sdet.framework.pages.POMFactory.homePage(POMFactory.java:15)
	at tek.sdet.framework.pages.POMFactory.homePage(POMFactory.java:15)
	at tek.sdet.framework.pages.POMFactory.homePage(POMFactory.java:15)
	at tek.sdet.framework.pages.POMFactory.homePage(POMFactory.java:15)
	at tek.sdet.framework.pages.POMFactory.homePage(POMFactory.java:15)
	at tek.sdet.framework.pages.POMFactory.homePage(POMFactory.java:15)
	at tek.sdet.framework.pages.POMFactory.homePage(POMFactory.java:15)
	at tek.sdet.framework.pages.POMFactory.homePage(POMFactory.java:15)
	at tek.sdet.framework.pages.POMFactory.homePage(POMFactory.java:15)
	at tek.sdet.framework.pages.POMFactory.homePage(POMFactory.java:15)
	at tek.sdet.framework.pages.POMFactory.homePage(POMFactory.java:15)
	at tek.sdet.framework.pages.POMFactory.homePage(POMFactory.java:15)
	at tek.sdet.framework.pages.POMFactory.homePage(POMFactory.java:15)
	at tek.sdet.framework.pages.POMFactory.homePage(POMFactory.java:15)
	at tek.sdet.framework.pages.POMFactory.homePage(POMFactory.java:15)
	at tek.sdet.framework.pages.POMFactory.homePage(POMFactory.java:15)
	at tek.sdet.framework.pages.POMFactory.homePage(POMFactory.java:15)
	at tek.sdet.framework.pages.POMFactory.homePage(POMFactory.java:15)
	at tek.sdet.framework.pages.POMFactory.homePage(POMFactory.java:15)
	at tek.sdet.framework.pages.POMFactory.homePage(POMFactory.java:15)
	at tek.sdet.framework.pages.POMFactory.homePage(POMFactory.java:15)
	at tek.sdet.framework.pages.POMFactory.homePage(POMFactory.java:15)
	at tek.sdet.framework.pages.POMFactory.homePage(POMFactory.java:15)
	at tek.sdet.framework.pages.POMFactory.homePage(POMFactory.java:15)
	at tek.sdet.framework.pages.POMFactory.homePage(POMFactory.java:15)
	at tek.sdet.framework.pages.POMFactory.homePage(POMFactory.java:15)
	at tek.sdet.framework.pages.POMFactory.homePage(POMFactory.java:15)
	at tek.sdet.framework.pages.POMFactory.homePage(POMFactory.java:15)
	at tek.sdet.framework.pages.POMFactory.homePage(POMFactory.java:15)
	at tek.sdet.framework.pages.POMFactory.homePage(POMFactory.java:15)
	at tek.sdet.framework.pages.POMFactory.homePage(POMFactory.java:15)
	at tek.sdet.framework.pages.POMFactory.homePage(POMFactory.java:15)
	at tek.sdet.framework.pages.POMFactory.homePage(POMFactory.java:15)
	at tek.sdet.framework.pages.POMFactory.homePage(POMFactory.java:15)
	at tek.sdet.framework.pages.POMFactory.homePage(POMFactory.java:15)
	at tek.sdet.framework.pages.POMFactory.homePage(POMFactory.java:15)
	at tek.sdet.framework.pages.POMFactory.homePage(POMFactory.java:15)
	at tek.sdet.framework.pages.POMFactory.homePage(POMFactory.java:15)
	at tek.sdet.framework.pages.POMFactory.homePage(POMFactory.java:15)
	at tek.sdet.framework.pages.POMFactory.homePage(POMFactory.java:15)
	at tek.sdet.framework.pages.POMFactory.homePage(POMFactory.java:15)
	at tek.sdet.framework.pages.POMFactory.homePage(POMFactory.java:15)
	at tek.sdet.framework.pages.POMFactory.homePage(POMFactory.java:15)
	at tek.sdet.framework.pages.POMFactory.homePage(POMFactory.java:15)
	at tek.sdet.framework.pages.POMFactory.homePage(POMFactory.java:15)
	at tek.sdet.framework.pages.POMFactory.homePage(POMFactory.java:15)
	at tek.sdet.framework.pages.POMFactory.homePage(POMFactory.java:15)
	at tek.sdet.framework.pages.POMFactory.homePage(POMFactory.java:15)
	at tek.sdet.framework.pages.POMFactory.homePage(POMFactory.java:15)
	at tek.sdet.framework.pages.POMFactory.homePage(POMFactory.java:15)
	at tek.sdet.framework.pages.POMFactory.homePage(POMFactory.java:15)
	at tek.sdet.framework.pages.POMFactory.homePage(POMFactory.java:15)
	at tek.sdet.framework.pages.POMFactory.homePage(POMFactory.java:15)
	at tek.sdet.framework.pages.POMFactory.homePage(POMFactory.java:15)
	at tek.sdet.framework.pages.POMFactory.homePage(POMFactory.java:15)
	at tek.sdet.framework.pages.POMFactory.homePage(POMFactory.java:15)
	at tek.sdet.framework.pages.POMFactory.homePage(POMFactory.java:15)
	at tek.sdet.framework.pages.POMFactory.homePage(POMFactory.java:15)
	at tek.sdet.framework.pages.POMFactory.homePage(POMFactory.java:15)
	at tek.sdet.framework.pages.POMFactory.homePage(POMFactory.java:15)
	at tek.sdet.framework.pages.POMFactory.homePage(POMFactory.java:15)
	at tek.sdet.framework.pages.POMFactory.homePage(POMFactory.java:15)
	at tek.sdet.framework.pages.POMFactory.homePage(POMFactory.java:15)
	at tek.sdet.framework.pages.POMFactory.homePage(POMFactory.java:15)
	at tek.sdet.framework.pages.POMFactory.homePage(POMFactory.java:15)
	at tek.sdet.framework.pages.POMFactory.homePage(POMFactory.java:15)
	at tek.sdet.framework.pages.POMFactory.homePage(POMFactory.java:15)
	at tek.sdet.framework.pages.POMFactory.homePage(POMFactory.java:15)
	at tek.sdet.framework.pages.POMFactory.homePage(POMFactory.java:15)
	at tek.sdet.framework.pages.POMFactory.homePage(POMFactory.java:15)
	at tek.sdet.framework.pages.POMFactory.homePage(POMFactory.java:15)
	at tek.sdet.framework.pages.POMFactory.homePage(POMFactory.java:15)
	at tek.sdet.framework.pages.POMFactory.homePage(POMFactory.java:15)
	at tek.sdet.framework.pages.POMFactory.homePage(POMFactory.java:15)
	at tek.sdet.framework.pages.POMFactory.homePage(POMFactory.java:15)
	at tek.sdet.framework.pages.POMFactory.homePage(POMFactory.java:15)
	at tek.sdet.framework.pages.POMFactory.homePage(POMFactory.java:15)
	at tek.sdet.framework.pages.POMFactory.homePage(POMFactory.java:15)
	at tek.sdet.framework.pages.POMFactory.homePage(POMFactory.java:15)
	at tek.sdet.framework.pages.POMFactory.homePage(POMFactory.java:15)
	at tek.sdet.framework.pages.POMFactory.homePage(POMFactory.java:15)
	at tek.sdet.framework.pages.POMFactory.homePage(POMFactory.java:15)
	at tek.sdet.framework.pages.POMFactory.homePage(POMFactory.java:15)
	at tek.sdet.framework.pages.POMFactory.homePage(POMFactory.java:15)
	at tek.sdet.framework.pages.POMFactory.homePage(POMFactory.java:15)
	at tek.sdet.framework.pages.POMFactory.homePage(POMFactory.java:15)
	at tek.sdet.framework.pages.POMFactory.homePage(POMFactory.java:15)
	at tek.sdet.framework.pages.POMFactory.homePage(POMFactory.java:15)
	at tek.sdet.framework.pages.POMFactory.homePage(POMFactory.java:15)
	at tek.sdet.framework.pages.POMFactory.homePage(POMFactory.java:15)
	at tek.sdet.framework.pages.POMFactory.homePage(POMFactory.java:15)
	at tek.sdet.framework.pages.POMFactory.homePage(POMFactory.java:15)
	at tek.sdet.framework.pages.POMFactory.homePage(POMFactory.java:15)
	at tek.sdet.framework.pages.POMFactory.homePage(POMFactory.java:15)
	at tek.sdet.framework.pages.POMFactory.homePage(POMFactory.java:15)
	at tek.sdet.framework.pages.POMFactory.homePage(POMFactory.java:15)
	at tek.sdet.framework.pages.POMFactory.homePage(POMFactory.java:15)
	at tek.sdet.framework.pages.POMFactory.homePage(POMFactory.java:15)
	at tek.sdet.framework.pages.POMFactory.homePage(POMFactory.java:15)
	at tek.sdet.framework.pages.POMFactory.homePage(POMFactory.java:15)
	at tek.sdet.framework.pages.POMFactory.homePage(POMFactory.java:15)
	at tek.sdet.framework.pages.POMFactory.homePage(POMFactory.java:15)
	at tek.sdet.framework.pages.POMFactory.homePage(POMFactory.java:15)
	at tek.sdet.framework.pages.POMFactory.homePage(POMFactory.java:15)
	at tek.sdet.framework.pages.POMFactory.homePage(POMFactory.java:15)
	at tek.sdet.framework.pages.POMFactory.homePage(POMFactory.java:15)
	at tek.sdet.framework.pages.POMFactory.homePage(POMFactory.java:15)
	at tek.sdet.framework.pages.POMFactory.homePage(POMFactory.java:15)
	at tek.sdet.framework.pages.POMFactory.homePage(POMFactory.java:15)
	at tek.sdet.framework.pages.POMFactory.homePage(POMFactory.java:15)
	at tek.sdet.framework.pages.POMFactory.homePage(POMFactory.java:15)
	at tek.sdet.framework.pages.POMFactory.homePage(POMFactory.java:15)
	at tek.sdet.framework.pages.POMFactory.homePage(POMFactory.java:15)
	at tek.sdet.framework.pages.POMFactory.homePage(POMFactory.java:15)
	at tek.sdet.framework.pages.POMFactory.homePage(POMFactory.java:15)
	at tek.sdet.framework.pages.POMFactory.homePage(POMFactory.java:15)
	at tek.sdet.framework.pages.POMFactory.homePage(POMFactory.java:15)
	at tek.sdet.framework.pages.POMFactory.homePage(POMFactory.java:15)
	at tek.sdet.framework.pages.POMFactory.homePage(POMFactory.java:15)
	at tek.sdet.framework.pages.POMFactory.homePage(POMFactory.java:15)
	at tek.sdet.framework.pages.POMFactory.homePage(POMFactory.java:15)
	at tek.sdet.framework.pages.POMFactory.homePage(POMFactory.java:15)
	at tek.sdet.framework.pages.POMFactory.homePage(POMFactory.java:15)
	at tek.sdet.framework.pages.POMFactory.homePage(POMFactory.java:15)
	at tek.sdet.framework.pages.POMFactory.homePage(POMFactory.java:15)
	at tek.sdet.framework.pages.POMFactory.homePage(POMFactory.java:15)
	at tek.sdet.framework.pages.POMFactory.homePage(POMFactory.java:15)
	at tek.sdet.framework.pages.POMFactory.homePage(POMFactory.java:15)
	at tek.sdet.framework.pages.POMFactory.homePage(POMFactory.java:15)
	at tek.sdet.framework.pages.POMFactory.homePage(POMFactory.java:15)
	at tek.sdet.framework.pages.POMFactory.homePage(POMFactory.java:15)
	at tek.sdet.framework.pages.POMFactory.homePage(POMFactory.java:15)
	at tek.sdet.framework.pages.POMFactory.homePage(POMFactory.java:15)
	at tek.sdet.framework.pages.POMFactory.homePage(POMFactory.java:15)
	at tek.sdet.framework.pages.POMFactory.homePage(POMFactory.java:15)
	at tek.sdet.framework.pages.POMFactory.homePage(POMFactory.java:15)
	at tek.sdet.framework.pages.POMFactory.homePage(POMFactory.java:15)
	at tek.sdet.framework.pages.POMFactory.homePage(POMFactory.java:15)
	at tek.sdet.framework.pages.POMFactory.homePage(POMFactory.java:15)
	at tek.sdet.framework.pages.POMFactory.homePage(POMFactory.java:15)
	at ✽.User is on retail website(classpath:features/Retail.feature:5)

